mod	trans_guid	split_guid	time_now	date_entered	date_posted	acc_guid	acc_name	num	description	notes	memo	action	reconciled	amount	value	date_reconciled
-----------------
===== START
===== END
===== START
D	0c03741f7da8344dace1e770a61a0271	3f44360ea6f09b93a2750d05ac547caa	2015-11-29 08:24:53.000000 +0100	2015-11-29 08:24:53.000000 +0100	2015-11-29 00:00:00.000000 +0100								n	0/1	0/100	1970-01-01 01:00:00.000000 +0100
===== END
===== START
===== END
===== START
D	c5935ac37edbdafed05ee8299b46d0f0	046a3d637a8ab09b1a9313494a15ce64	2015-11-29 08:25:01.000000 +0100	2015-11-29 08:25:01.000000 +0100	2015-11-29 00:00:00.000000 +0100								n	0/1	0/100	1970-01-01 01:00:00.000000 +0100
===== END
===== START
===== END
===== START
B	7a86a4e1cce8a2bec910546dde90d023	df970de361f9d4a0f4702829a04e8b33	2015-11-29 08:25:08.000000 +0100	2015-01-03 09:17:48.000000 +0100	2015-01-03 00:00:00.000000 +0100	b8d4e6b9949c95e335377160a48c4391	Orphan-EUR		Monthly utility bill				n	0/100	0/100	1970-01-01 01:00:00.000000 +0100
===== END
===== START
D	7a86a4e1cce8a2bec910546dde90d023	df970de361f9d4a0f4702829a04e8b33	2015-11-29 08:25:08.000000 +0100	2015-01-03 09:17:48.000000 +0100	2015-01-03 00:00:00.000000 +0100	b8d4e6b9949c95e335377160a48c4391	Orphan-EUR		Monthly utility bill				n	0/100	0/100	1970-01-01 01:00:00.000000 +0100
===== END
===== START
B	04b89478d2a3500e47c291eb919aba47	e803e52d39ab437c225737bd1b276358	2015-11-29 08:25:09.000000 +0100	2015-01-03 09:18:00.000000 +0100	2015-01-03 00:00:00.000000 +0100	b8d4e6b9949c95e335377160a48c4391	Orphan-EUR		Monthly utility bill				n	0/100	0/100	1970-01-01 01:00:00.000000 +0100
===== END
===== START
D	04b89478d2a3500e47c291eb919aba47	e803e52d39ab437c225737bd1b276358	2015-11-29 08:25:09.000000 +0100	2015-01-03 09:18:00.000000 +0100	2015-01-03 00:00:00.000000 +0100	b8d4e6b9949c95e335377160a48c4391	Orphan-EUR		Monthly utility bill				n	0/100	0/100	1970-01-01 01:00:00.000000 +0100
===== END
===== START
===== END
===== START
B	42b89b48ef237eaa61ef58717a32d024	22697f647b124a22473842ff6b395385	2015-11-29 08:25:23.000000 +0100	2015-01-03 09:27:46.000000 +0100	2015-01-03 00:00:00.000000 +0100	1a7b2758fed3d8d98f4ec81035a9a457	Checking Account		Opening balance				n	100000/100	100000/100	1970-01-01 01:00:00.000000 +0100
B	42b89b48ef237eaa61ef58717a32d024	95690b7a8ab12bde3cbff21e2fdcc86f	2015-11-29 08:25:23.000000 +0100	2015-01-03 09:27:46.000000 +0100	2015-01-03 00:00:00.000000 +0100	7465f4f3b05f8f9ec409c6ac32e87b69	Opening Balances		Opening balance				n	-100000/100	-100000/100	1970-01-01 01:00:00.000000 +0100
===== END
===== START
C	42b89b48ef237eaa61ef58717a32d024	22697f647b124a22473842ff6b395385	2015-11-29 08:25:23.000000 +0100	2015-01-03 09:27:46.000000 +0100	2015-01-03 00:00:00.000000 +0100	1a7b2758fed3d8d98f4ec81035a9a457	Checking Account		Opening balance				n	70000/100	70000/100	1970-01-01 01:00:00.000000 +0100
C	42b89b48ef237eaa61ef58717a32d024	95690b7a8ab12bde3cbff21e2fdcc86f	2015-11-29 08:25:23.000000 +0100	2015-01-03 09:27:46.000000 +0100	2015-01-03 00:00:00.000000 +0100	7465f4f3b05f8f9ec409c6ac32e87b69	Opening Balances		Opening balance				n	-70000/100	-70000/100	1970-01-01 01:00:00.000000 +0100
===== END
===== START
===== END
===== START
D	480fda026c4793948f1b3d1f26c90631	167562341d3fe67458a19046260030f5	2015-11-29 08:26:01.000000 +0100	2015-11-29 08:26:01.000000 +0100	2015-11-29 00:00:00.000000 +0100								n	0/1	0/100	1970-01-01 01:00:00.000000 +0100
===== END
===== START
D	4a755f5e5f309af5e8a0ffc41edc4794	3bad442f09d8a19c52dd8b85ac9bf957	2015-11-29 08:26:02.000000 +0100	2015-11-29 08:26:02.000000 +0100	2015-11-29 00:00:00.000000 +0100								n	0/1	0/100	1970-01-01 01:00:00.000000 +0100
===== END
===== START
D	27132b34a0d13f1bf71ef485428bb4af	3e4d49a8f5d6fa863eb9eaa5660c2398	2015-11-29 08:26:03.000000 +0100	2015-11-29 08:26:03.000000 +0100	2015-11-29 00:00:00.000000 +0100								n	0/1	0/100	1970-01-01 01:00:00.000000 +0100
===== END
===== START
===== END
===== START
D	1c6d4e647f299b05160d5c33f28be5bd	dc2c045d381d7dcab8e8f09286dd7a90	2015-11-29 08:26:36.000000 +0100	2015-11-29 08:26:36.000000 +0100	2015-11-29 00:00:00.000000 +0100								n	0/1	0/100	1970-01-01 01:00:00.000000 +0100
===== END
===== START
===== END
===== START
B	42b89b48ef237eaa61ef58717a32d024	22697f647b124a22473842ff6b395385	2015-11-29 08:27:01.000000 +0100	2015-01-03 09:27:46.000000 +0100	2015-01-03 00:00:00.000000 +0100	1a7b2758fed3d8d98f4ec81035a9a457	Checking Account		Opening balance				n	70000/100	70000/100	1970-01-01 01:00:00.000000 +0100
B	42b89b48ef237eaa61ef58717a32d024	95690b7a8ab12bde3cbff21e2fdcc86f	2015-11-29 08:27:01.000000 +0100	2015-01-03 09:27:46.000000 +0100	2015-01-03 00:00:00.000000 +0100	7465f4f3b05f8f9ec409c6ac32e87b69	Opening Balances		Opening balance				n	-70000/100	-70000/100	1970-01-01 01:00:00.000000 +0100
===== END
===== START
C	42b89b48ef237eaa61ef58717a32d024	22697f647b124a22473842ff6b395385	2015-11-29 08:27:01.000000 +0100	2015-01-03 09:27:46.000000 +0100	2013-01-03 00:00:00.000000 +0100	1a7b2758fed3d8d98f4ec81035a9a457	Checking Account		Opening balance				n	70000/100	70000/100	1970-01-01 01:00:00.000000 +0100
C	42b89b48ef237eaa61ef58717a32d024	95690b7a8ab12bde3cbff21e2fdcc86f	2015-11-29 08:27:01.000000 +0100	2015-01-03 09:27:46.000000 +0100	2013-01-03 00:00:00.000000 +0100	7465f4f3b05f8f9ec409c6ac32e87b69	Opening Balances		Opening balance				n	-70000/100	-70000/100	1970-01-01 01:00:00.000000 +0100
===== END
===== START
===== END
===== START
C	9654766ba918ef9dbb6acd7ead5d96e6	766211b5e920ee8fccc4ac820ce494c7	2015-11-29 08:27:43.000000 +0100	2015-11-29 08:27:43.000000 +0100	2014-01-01 00:00:00.000000 +0100	058ffb502e07c0972ae25554d2c5fe84	Salary						n	0/100	0/100	1970-01-01 01:00:00.000000 +0100
===== END
===== START
===== END
===== START
B	9654766ba918ef9dbb6acd7ead5d96e6	766211b5e920ee8fccc4ac820ce494c7	2015-11-29 08:27:48.000000 +0100	2015-11-29 08:27:43.000000 +0100	2014-01-01 00:00:00.000000 +0100	058ffb502e07c0972ae25554d2c5fe84	Salary						n	0/100	0/100	1970-01-01 01:00:00.000000 +0100
===== END
===== START
C	9654766ba918ef9dbb6acd7ead5d96e6	766211b5e920ee8fccc4ac820ce494c7	2015-11-29 08:27:48.000000 +0100	2015-11-29 08:27:43.000000 +0100	2014-01-01 00:00:00.000000 +0100	058ffb502e07c0972ae25554d2c5fe84	Salary		salary				n	0/100	0/100	1970-01-01 01:00:00.000000 +0100
===== END
===== START
B	9654766ba918ef9dbb6acd7ead5d96e6	766211b5e920ee8fccc4ac820ce494c7	2015-11-29 08:27:56.000000 +0100	2015-11-29 08:27:43.000000 +0100	2014-01-01 00:00:00.000000 +0100	058ffb502e07c0972ae25554d2c5fe84	Salary		salary				n	0/100	0/100	1970-01-01 01:00:00.000000 +0100
===== END
===== START
C	9654766ba918ef9dbb6acd7ead5d96e6	766211b5e920ee8fccc4ac820ce494c7	2015-11-29 08:27:56.000000 +0100	2015-11-29 08:27:43.000000 +0100	2014-01-01 00:00:00.000000 +0100	058ffb502e07c0972ae25554d2c5fe84	Salary		salary				n	80000/100	80000/100	1970-01-01 01:00:00.000000 +0100
C	9654766ba918ef9dbb6acd7ead5d96e6	97fb1e471c5ddc80cff6f98b1ed94432	2015-11-29 08:27:56.000000 +0100	2015-11-29 08:27:43.000000 +0100	2014-01-01 00:00:00.000000 +0100	1a7b2758fed3d8d98f4ec81035a9a457	Checking Account		salary				n	-80000/100	-80000/100	1970-01-01 01:00:00.000000 +0100
===== END
===== START
B	9654766ba918ef9dbb6acd7ead5d96e6	766211b5e920ee8fccc4ac820ce494c7	2015-11-29 08:28:05.000000 +0100	2015-11-29 08:27:43.000000 +0100	2014-01-01 00:00:00.000000 +0100	058ffb502e07c0972ae25554d2c5fe84	Salary		salary				n	80000/100	80000/100	1970-01-01 01:00:00.000000 +0100
B	9654766ba918ef9dbb6acd7ead5d96e6	97fb1e471c5ddc80cff6f98b1ed94432	2015-11-29 08:28:05.000000 +0100	2015-11-29 08:27:43.000000 +0100	2014-01-01 00:00:00.000000 +0100	1a7b2758fed3d8d98f4ec81035a9a457	Checking Account		salary				n	-80000/100	-80000/100	1970-01-01 01:00:00.000000 +0100
===== END
===== START
C	9654766ba918ef9dbb6acd7ead5d96e6	766211b5e920ee8fccc4ac820ce494c7	2015-11-29 08:28:05.000000 +0100	2015-11-29 08:27:43.000000 +0100	2014-01-01 00:00:00.000000 +0100	058ffb502e07c0972ae25554d2c5fe84	Salary		salary				n	-80000/100	-80000/100	1970-01-01 01:00:00.000000 +0100
C	9654766ba918ef9dbb6acd7ead5d96e6	97fb1e471c5ddc80cff6f98b1ed94432	2015-11-29 08:28:05.000000 +0100	2015-11-29 08:27:43.000000 +0100	2014-01-01 00:00:00.000000 +0100	1a7b2758fed3d8d98f4ec81035a9a457	Checking Account		salary				n	80000/100	80000/100	1970-01-01 01:00:00.000000 +0100
===== END
===== START
C	3c17ec09ce01153429b8d6bca60acc99	c1fad585c238da4a1da338587feb9512	2015-11-29 08:28:20.000000 +0100	2015-11-29 08:28:20.000000 +0100	2015-01-01 00:00:00.000000 +0100	1a7b2758fed3d8d98f4ec81035a9a457	Checking Account		salary				n	80000/100	80000/100	1970-01-01 01:00:00.000000 +0100
C	3c17ec09ce01153429b8d6bca60acc99	86747562d74c2d942a98c58251a87621	2015-11-29 08:28:20.000000 +0100	2015-11-29 08:28:20.000000 +0100	2015-01-01 00:00:00.000000 +0100	058ffb502e07c0972ae25554d2c5fe84	Salary		salary				n	-80000/100	-80000/100	1970-01-01 01:00:00.000000 +0100
===== END
===== START
===== END
===== START
D	a9978fc2292800bf408c5e54b92be860	db1f95bf03647b11e7764a5ac8859bc8	2015-11-29 08:28:22.000000 +0100	2015-11-29 08:28:22.000000 +0100	2015-01-01 00:00:00.000000 +0100								n	0/1	0/100	1970-01-01 01:00:00.000000 +0100
===== END
===== START
D	14c959d763f10898a7aae41a5936990f	49b3654e3b9545d3d1c0cab0f495a474	2015-11-29 08:28:25.000000 +0100	2015-11-29 08:28:25.000000 +0100	2015-11-29 00:00:00.000000 +0100								n	0/1	0/100	1970-01-01 01:00:00.000000 +0100
===== END
