2015-10-22 08:55:37,511 saml2:INFO Logging started
2015-10-22 09:19:42,593 saml2.entity:DEBUG receiver addresses: ['https://localhost:8088/sso/redirect']
2015-10-22 09:19:42,593 saml2.entity:DEBUG Binding: urn:oasis:names:tc:SAML:2.0:bindings:HTTP-Redirect
2015-10-22 09:19:42,593 saml2.request:DEBUG xmlstr: <?xml version='1.0' encoding='UTF-8'?>
<ns0:AuthnRequest xmlns:ns0="urn:oasis:names:tc:SAML:2.0:protocol" xmlns:ns1="urn:oasis:names:tc:SAML:2.0:assertion" AssertionConsumerServiceURL="http://localhost:8087/acs/post" Destination="https://localhost:8088/sso/redirect" ID="id-sFUoMhg7B50tARu2b" IssueInstant="2015-10-22T07:19:42Z" ProtocolBinding="urn:oasis:names:tc:SAML:2.0:bindings:HTTP-POST" ProviderName="My SP service" Version="2.0"><ns1:Issuer Format="urn:oasis:names:tc:SAML:2.0:nameid-format:entity">http://localhost:8087/sp.xml</ns1:Issuer><ns0:NameIDPolicy AllowCreate="false" Format="urn:oasis:names:tc:SAML:2.0:nameid-format:transient" /></ns0:AuthnRequest>
2015-10-22 09:19:42,594 saml2.request:INFO request: <?xml version='1.0' encoding='UTF-8'?>
<ns0:AuthnRequest xmlns:ns0="urn:oasis:names:tc:SAML:2.0:protocol" xmlns:ns1="urn:oasis:names:tc:SAML:2.0:assertion" AssertionConsumerServiceURL="http://localhost:8087/acs/post" Destination="https://localhost:8088/sso/redirect" ID="id-sFUoMhg7B50tARu2b" IssueInstant="2015-10-22T07:19:42Z" ProtocolBinding="urn:oasis:names:tc:SAML:2.0:bindings:HTTP-POST" ProviderName="My SP service" Version="2.0"><ns1:Issuer Format="urn:oasis:names:tc:SAML:2.0:nameid-format:entity">http://localhost:8087/sp.xml</ns1:Issuer><ns0:NameIDPolicy AllowCreate="false" Format="urn:oasis:names:tc:SAML:2.0:nameid-format:transient" /></ns0:AuthnRequest>
2015-10-22 09:19:42,597 saml2.entity:DEBUG Loaded request
2015-10-22 09:19:42,597 saml2.entity:DEBUG Verified request
2015-10-22 09:20:03,921 saml2.entity:DEBUG receiver addresses: ['https://localhost:8088/sso/redirect']
2015-10-22 09:20:03,921 saml2.entity:DEBUG Binding: urn:oasis:names:tc:SAML:2.0:bindings:HTTP-Redirect
2015-10-22 09:20:03,921 saml2.request:DEBUG xmlstr: <?xml version='1.0' encoding='UTF-8'?>
<ns0:AuthnRequest xmlns:ns0="urn:oasis:names:tc:SAML:2.0:protocol" xmlns:ns1="urn:oasis:names:tc:SAML:2.0:assertion" AssertionConsumerServiceURL="http://localhost:8087/acs/post" Destination="https://localhost:8088/sso/redirect" ID="id-sFUoMhg7B50tARu2b" IssueInstant="2015-10-22T07:19:42Z" ProtocolBinding="urn:oasis:names:tc:SAML:2.0:bindings:HTTP-POST" ProviderName="My SP service" Version="2.0"><ns1:Issuer Format="urn:oasis:names:tc:SAML:2.0:nameid-format:entity">http://localhost:8087/sp.xml</ns1:Issuer><ns0:NameIDPolicy AllowCreate="false" Format="urn:oasis:names:tc:SAML:2.0:nameid-format:transient" /></ns0:AuthnRequest>
2015-10-22 09:20:03,922 saml2.request:INFO request: <?xml version='1.0' encoding='UTF-8'?>
<ns0:AuthnRequest xmlns:ns0="urn:oasis:names:tc:SAML:2.0:protocol" xmlns:ns1="urn:oasis:names:tc:SAML:2.0:assertion" AssertionConsumerServiceURL="http://localhost:8087/acs/post" Destination="https://localhost:8088/sso/redirect" ID="id-sFUoMhg7B50tARu2b" IssueInstant="2015-10-22T07:19:42Z" ProtocolBinding="urn:oasis:names:tc:SAML:2.0:bindings:HTTP-POST" ProviderName="My SP service" Version="2.0"><ns1:Issuer Format="urn:oasis:names:tc:SAML:2.0:nameid-format:entity">http://localhost:8087/sp.xml</ns1:Issuer><ns0:NameIDPolicy AllowCreate="false" Format="urn:oasis:names:tc:SAML:2.0:nameid-format:transient" /></ns0:AuthnRequest>
2015-10-22 09:20:03,922 saml2.entity:DEBUG Loaded request
2015-10-22 09:20:03,922 saml2.entity:DEBUG Verified request
2015-10-22 09:22:06,079 saml2:INFO Logging started
2015-10-22 09:22:49,955 saml2.entity:DEBUG receiver addresses: ['https://localhost:8088/sso/redirect']
2015-10-22 09:22:49,955 saml2.entity:DEBUG Binding: urn:oasis:names:tc:SAML:2.0:bindings:HTTP-Redirect
2015-10-22 09:22:49,955 saml2.request:DEBUG xmlstr: <?xml version='1.0' encoding='UTF-8'?>
<ns0:AuthnRequest xmlns:ns0="urn:oasis:names:tc:SAML:2.0:protocol" xmlns:ns1="urn:oasis:names:tc:SAML:2.0:assertion" AssertionConsumerServiceURL="http://localhost:8087/acs/post" Destination="https://localhost:8088/sso/redirect" ID="id-MrBEwj7qY1ZjJWAXf" IssueInstant="2015-10-22T07:22:49Z" ProtocolBinding="urn:oasis:names:tc:SAML:2.0:bindings:HTTP-POST" ProviderName="My SP service" Version="2.0"><ns1:Issuer Format="urn:oasis:names:tc:SAML:2.0:nameid-format:entity">http://localhost:8087/sp.xml</ns1:Issuer><ns0:NameIDPolicy AllowCreate="false" Format="urn:oasis:names:tc:SAML:2.0:nameid-format:transient" /></ns0:AuthnRequest>
2015-10-22 09:22:49,956 saml2.request:INFO request: <?xml version='1.0' encoding='UTF-8'?>
<ns0:AuthnRequest xmlns:ns0="urn:oasis:names:tc:SAML:2.0:protocol" xmlns:ns1="urn:oasis:names:tc:SAML:2.0:assertion" AssertionConsumerServiceURL="http://localhost:8087/acs/post" Destination="https://localhost:8088/sso/redirect" ID="id-MrBEwj7qY1ZjJWAXf" IssueInstant="2015-10-22T07:22:49Z" ProtocolBinding="urn:oasis:names:tc:SAML:2.0:bindings:HTTP-POST" ProviderName="My SP service" Version="2.0"><ns1:Issuer Format="urn:oasis:names:tc:SAML:2.0:nameid-format:entity">http://localhost:8087/sp.xml</ns1:Issuer><ns0:NameIDPolicy AllowCreate="false" Format="urn:oasis:names:tc:SAML:2.0:nameid-format:transient" /></ns0:AuthnRequest>
2015-10-22 09:22:49,960 saml2.entity:DEBUG Loaded request
2015-10-22 09:22:49,961 saml2.entity:DEBUG Verified request
2015-10-22 09:22:50,171 saml2.entity:DEBUG receiver addresses: ['https://localhost:8088/sso/redirect']
2015-10-22 09:22:50,171 saml2.entity:DEBUG Binding: urn:oasis:names:tc:SAML:2.0:bindings:HTTP-Redirect
2015-10-22 09:22:50,171 saml2.request:DEBUG xmlstr: <?xml version='1.0' encoding='UTF-8'?>
<ns0:AuthnRequest xmlns:ns0="urn:oasis:names:tc:SAML:2.0:protocol" xmlns:ns1="urn:oasis:names:tc:SAML:2.0:assertion" AssertionConsumerServiceURL="http://localhost:8087/acs/post" Destination="https://localhost:8088/sso/redirect" ID="id-CFr0g9hUZDgixBcgw" IssueInstant="2015-10-22T07:22:50Z" ProtocolBinding="urn:oasis:names:tc:SAML:2.0:bindings:HTTP-POST" ProviderName="My SP service" Version="2.0"><ns1:Issuer Format="urn:oasis:names:tc:SAML:2.0:nameid-format:entity">http://localhost:8087/sp.xml</ns1:Issuer><ns0:NameIDPolicy AllowCreate="false" Format="urn:oasis:names:tc:SAML:2.0:nameid-format:transient" /></ns0:AuthnRequest>
2015-10-22 09:22:50,172 saml2.request:INFO request: <?xml version='1.0' encoding='UTF-8'?>
<ns0:AuthnRequest xmlns:ns0="urn:oasis:names:tc:SAML:2.0:protocol" xmlns:ns1="urn:oasis:names:tc:SAML:2.0:assertion" AssertionConsumerServiceURL="http://localhost:8087/acs/post" Destination="https://localhost:8088/sso/redirect" ID="id-CFr0g9hUZDgixBcgw" IssueInstant="2015-10-22T07:22:50Z" ProtocolBinding="urn:oasis:names:tc:SAML:2.0:bindings:HTTP-POST" ProviderName="My SP service" Version="2.0"><ns1:Issuer Format="urn:oasis:names:tc:SAML:2.0:nameid-format:entity">http://localhost:8087/sp.xml</ns1:Issuer><ns0:NameIDPolicy AllowCreate="false" Format="urn:oasis:names:tc:SAML:2.0:nameid-format:transient" /></ns0:AuthnRequest>
2015-10-22 09:22:50,172 saml2.entity:DEBUG Loaded request
2015-10-22 09:22:50,172 saml2.entity:DEBUG Verified request
2015-10-22 09:23:28,290 saml2.entity:DEBUG receiver addresses: ['https://localhost:8088/sso/redirect']
2015-10-22 09:23:28,290 saml2.entity:DEBUG Binding: urn:oasis:names:tc:SAML:2.0:bindings:HTTP-Redirect
2015-10-22 09:23:28,290 saml2.request:DEBUG xmlstr: <?xml version='1.0' encoding='UTF-8'?>
<ns0:AuthnRequest xmlns:ns0="urn:oasis:names:tc:SAML:2.0:protocol" xmlns:ns1="urn:oasis:names:tc:SAML:2.0:assertion" AssertionConsumerServiceURL="http://localhost:8087/acs/post" Destination="https://localhost:8088/sso/redirect" ID="id-CFr0g9hUZDgixBcgw" IssueInstant="2015-10-22T07:22:50Z" ProtocolBinding="urn:oasis:names:tc:SAML:2.0:bindings:HTTP-POST" ProviderName="My SP service" Version="2.0"><ns1:Issuer Format="urn:oasis:names:tc:SAML:2.0:nameid-format:entity">http://localhost:8087/sp.xml</ns1:Issuer><ns0:NameIDPolicy AllowCreate="false" Format="urn:oasis:names:tc:SAML:2.0:nameid-format:transient" /></ns0:AuthnRequest>
2015-10-22 09:23:28,291 saml2.request:INFO request: <?xml version='1.0' encoding='UTF-8'?>
<ns0:AuthnRequest xmlns:ns0="urn:oasis:names:tc:SAML:2.0:protocol" xmlns:ns1="urn:oasis:names:tc:SAML:2.0:assertion" AssertionConsumerServiceURL="http://localhost:8087/acs/post" Destination="https://localhost:8088/sso/redirect" ID="id-CFr0g9hUZDgixBcgw" IssueInstant="2015-10-22T07:22:50Z" ProtocolBinding="urn:oasis:names:tc:SAML:2.0:bindings:HTTP-POST" ProviderName="My SP service" Version="2.0"><ns1:Issuer Format="urn:oasis:names:tc:SAML:2.0:nameid-format:entity">http://localhost:8087/sp.xml</ns1:Issuer><ns0:NameIDPolicy AllowCreate="false" Format="urn:oasis:names:tc:SAML:2.0:nameid-format:transient" /></ns0:AuthnRequest>
2015-10-22 09:23:28,291 saml2.entity:DEBUG Loaded request
2015-10-22 09:23:28,292 saml2.entity:DEBUG Verified request
2015-10-22 09:23:37,681 saml2:INFO Logging started
2015-10-22 09:23:49,901 saml2.entity:DEBUG receiver addresses: ['https://localhost:8088/sso/redirect']
2015-10-22 09:23:49,901 saml2.entity:DEBUG Binding: urn:oasis:names:tc:SAML:2.0:bindings:HTTP-Redirect
2015-10-22 09:23:49,901 saml2.request:DEBUG xmlstr: <?xml version='1.0' encoding='UTF-8'?>
<ns0:AuthnRequest xmlns:ns0="urn:oasis:names:tc:SAML:2.0:protocol" xmlns:ns1="urn:oasis:names:tc:SAML:2.0:assertion" AssertionConsumerServiceURL="http://localhost:8087/acs/post" Destination="https://localhost:8088/sso/redirect" ID="id-A03llEgOViQDrqWE5" IssueInstant="2015-10-22T07:23:49Z" ProtocolBinding="urn:oasis:names:tc:SAML:2.0:bindings:HTTP-POST" ProviderName="My SP service" Version="2.0"><ns1:Issuer Format="urn:oasis:names:tc:SAML:2.0:nameid-format:entity">http://localhost:8087/sp.xml</ns1:Issuer><ns0:NameIDPolicy AllowCreate="false" Format="urn:oasis:names:tc:SAML:2.0:nameid-format:transient" /></ns0:AuthnRequest>
2015-10-22 09:23:49,902 saml2.request:INFO request: <?xml version='1.0' encoding='UTF-8'?>
<ns0:AuthnRequest xmlns:ns0="urn:oasis:names:tc:SAML:2.0:protocol" xmlns:ns1="urn:oasis:names:tc:SAML:2.0:assertion" AssertionConsumerServiceURL="http://localhost:8087/acs/post" Destination="https://localhost:8088/sso/redirect" ID="id-A03llEgOViQDrqWE5" IssueInstant="2015-10-22T07:23:49Z" ProtocolBinding="urn:oasis:names:tc:SAML:2.0:bindings:HTTP-POST" ProviderName="My SP service" Version="2.0"><ns1:Issuer Format="urn:oasis:names:tc:SAML:2.0:nameid-format:entity">http://localhost:8087/sp.xml</ns1:Issuer><ns0:NameIDPolicy AllowCreate="false" Format="urn:oasis:names:tc:SAML:2.0:nameid-format:transient" /></ns0:AuthnRequest>
2015-10-22 09:23:49,906 saml2.entity:DEBUG Loaded request
2015-10-22 09:23:49,906 saml2.entity:DEBUG Verified request
2015-10-22 09:23:50,453 saml2.entity:DEBUG receiver addresses: ['https://localhost:8088/sso/redirect']
2015-10-22 09:23:50,453 saml2.entity:DEBUG Binding: urn:oasis:names:tc:SAML:2.0:bindings:HTTP-Redirect
2015-10-22 09:23:50,453 saml2.request:DEBUG xmlstr: <?xml version='1.0' encoding='UTF-8'?>
<ns0:AuthnRequest xmlns:ns0="urn:oasis:names:tc:SAML:2.0:protocol" xmlns:ns1="urn:oasis:names:tc:SAML:2.0:assertion" AssertionConsumerServiceURL="http://localhost:8087/acs/post" Destination="https://localhost:8088/sso/redirect" ID="id-QpIozyfd416vMM9H5" IssueInstant="2015-10-22T07:23:50Z" ProtocolBinding="urn:oasis:names:tc:SAML:2.0:bindings:HTTP-POST" ProviderName="My SP service" Version="2.0"><ns1:Issuer Format="urn:oasis:names:tc:SAML:2.0:nameid-format:entity">http://localhost:8087/sp.xml</ns1:Issuer><ns0:NameIDPolicy AllowCreate="false" Format="urn:oasis:names:tc:SAML:2.0:nameid-format:transient" /></ns0:AuthnRequest>
2015-10-22 09:23:50,453 saml2.request:INFO request: <?xml version='1.0' encoding='UTF-8'?>
<ns0:AuthnRequest xmlns:ns0="urn:oasis:names:tc:SAML:2.0:protocol" xmlns:ns1="urn:oasis:names:tc:SAML:2.0:assertion" AssertionConsumerServiceURL="http://localhost:8087/acs/post" Destination="https://localhost:8088/sso/redirect" ID="id-QpIozyfd416vMM9H5" IssueInstant="2015-10-22T07:23:50Z" ProtocolBinding="urn:oasis:names:tc:SAML:2.0:bindings:HTTP-POST" ProviderName="My SP service" Version="2.0"><ns1:Issuer Format="urn:oasis:names:tc:SAML:2.0:nameid-format:entity">http://localhost:8087/sp.xml</ns1:Issuer><ns0:NameIDPolicy AllowCreate="false" Format="urn:oasis:names:tc:SAML:2.0:nameid-format:transient" /></ns0:AuthnRequest>
2015-10-22 09:23:50,454 saml2.entity:DEBUG Loaded request
2015-10-22 09:23:50,454 saml2.entity:DEBUG Verified request
2015-10-22 09:24:09,732 saml2:INFO Logging started
2015-10-22 09:24:14,344 saml2.entity:DEBUG receiver addresses: ['https://localhost:8088/sso/redirect']
2015-10-22 09:24:14,344 saml2.entity:DEBUG Binding: urn:oasis:names:tc:SAML:2.0:bindings:HTTP-Redirect
2015-10-22 09:24:14,344 saml2.request:DEBUG xmlstr: <?xml version='1.0' encoding='UTF-8'?>
<ns0:AuthnRequest xmlns:ns0="urn:oasis:names:tc:SAML:2.0:protocol" xmlns:ns1="urn:oasis:names:tc:SAML:2.0:assertion" AssertionConsumerServiceURL="http://localhost:8087/acs/post" Destination="https://localhost:8088/sso/redirect" ID="id-QpIozyfd416vMM9H5" IssueInstant="2015-10-22T07:23:50Z" ProtocolBinding="urn:oasis:names:tc:SAML:2.0:bindings:HTTP-POST" ProviderName="My SP service" Version="2.0"><ns1:Issuer Format="urn:oasis:names:tc:SAML:2.0:nameid-format:entity">http://localhost:8087/sp.xml</ns1:Issuer><ns0:NameIDPolicy AllowCreate="false" Format="urn:oasis:names:tc:SAML:2.0:nameid-format:transient" /></ns0:AuthnRequest>
2015-10-22 09:24:14,345 saml2.request:INFO request: <?xml version='1.0' encoding='UTF-8'?>
<ns0:AuthnRequest xmlns:ns0="urn:oasis:names:tc:SAML:2.0:protocol" xmlns:ns1="urn:oasis:names:tc:SAML:2.0:assertion" AssertionConsumerServiceURL="http://localhost:8087/acs/post" Destination="https://localhost:8088/sso/redirect" ID="id-QpIozyfd416vMM9H5" IssueInstant="2015-10-22T07:23:50Z" ProtocolBinding="urn:oasis:names:tc:SAML:2.0:bindings:HTTP-POST" ProviderName="My SP service" Version="2.0"><ns1:Issuer Format="urn:oasis:names:tc:SAML:2.0:nameid-format:entity">http://localhost:8087/sp.xml</ns1:Issuer><ns0:NameIDPolicy AllowCreate="false" Format="urn:oasis:names:tc:SAML:2.0:nameid-format:transient" /></ns0:AuthnRequest>
2015-10-22 09:24:14,349 saml2.entity:DEBUG Loaded request
2015-10-22 09:24:14,349 saml2.entity:DEBUG Verified request
2015-10-22 09:30:04,464 saml2:INFO Logging started
2015-10-22 09:30:40,770 saml2.entity:DEBUG receiver addresses: ['https://localhost:8088/sso/redirect']
2015-10-22 09:30:40,770 saml2.entity:DEBUG Binding: urn:oasis:names:tc:SAML:2.0:bindings:HTTP-Redirect
2015-10-22 09:30:40,770 saml2.request:DEBUG xmlstr: <?xml version='1.0' encoding='UTF-8'?>
<ns0:AuthnRequest xmlns:ns0="urn:oasis:names:tc:SAML:2.0:protocol" xmlns:ns1="urn:oasis:names:tc:SAML:2.0:assertion" AssertionConsumerServiceURL="http://localhost:8087/acs/post" Destination="https://localhost:8088/sso/redirect" ID="id-8BfVnYVMIGibgJATi" IssueInstant="2015-10-22T07:30:40Z" ProtocolBinding="urn:oasis:names:tc:SAML:2.0:bindings:HTTP-POST" ProviderName="My SP service" Version="2.0"><ns1:Issuer Format="urn:oasis:names:tc:SAML:2.0:nameid-format:entity">http://localhost:8087/sp.xml</ns1:Issuer><ns0:NameIDPolicy AllowCreate="false" Format="urn:oasis:names:tc:SAML:2.0:nameid-format:transient" /></ns0:AuthnRequest>
2015-10-22 09:30:40,771 saml2.request:INFO request: <?xml version='1.0' encoding='UTF-8'?>
<ns0:AuthnRequest xmlns:ns0="urn:oasis:names:tc:SAML:2.0:protocol" xmlns:ns1="urn:oasis:names:tc:SAML:2.0:assertion" AssertionConsumerServiceURL="http://localhost:8087/acs/post" Destination="https://localhost:8088/sso/redirect" ID="id-8BfVnYVMIGibgJATi" IssueInstant="2015-10-22T07:30:40Z" ProtocolBinding="urn:oasis:names:tc:SAML:2.0:bindings:HTTP-POST" ProviderName="My SP service" Version="2.0"><ns1:Issuer Format="urn:oasis:names:tc:SAML:2.0:nameid-format:entity">http://localhost:8087/sp.xml</ns1:Issuer><ns0:NameIDPolicy AllowCreate="false" Format="urn:oasis:names:tc:SAML:2.0:nameid-format:transient" /></ns0:AuthnRequest>
2015-10-22 09:30:40,774 saml2.entity:DEBUG Loaded request
2015-10-22 09:30:40,774 saml2.entity:DEBUG Verified request
2015-10-22 09:30:40,799 saml2.idp:ERROR An error occured while creating metadata: 'NoneType' object has no attribute '__getitem__'
2015-10-22 09:30:49,588 saml2.mdstore:DEBUG service(http://localhost:8087/sp.xml, spsso_descriptor, assertion_consumer_service, urn:oasis:names:tc:SAML:2.0:bindings:HTTP-POST)
2015-10-22 09:30:49,588 saml2.mdstore:DEBUG service => [{'index': '1', 'binding': 'urn:oasis:names:tc:SAML:2.0:bindings:HTTP-POST', '__class__': 'urn:oasis:names:tc:SAML:2.0:metadata&AssertionConsumerService', 'location': 'http://localhost:8087/acs/post'}]
2015-10-22 09:30:49,588 saml2.mdstore:DEBUG service(http://localhost:8087/sp.xml, spsso_descriptor, assertion_consumer_service, urn:oasis:names:tc:SAML:2.0:bindings:HTTP-POST)
2015-10-22 09:30:49,588 saml2.mdstore:DEBUG service => [{'index': '1', 'binding': 'urn:oasis:names:tc:SAML:2.0:bindings:HTTP-POST', '__class__': 'urn:oasis:names:tc:SAML:2.0:metadata&AssertionConsumerService', 'location': 'http://localhost:8087/acs/post'}]
2015-10-22 09:30:49,588 saml2.ident:DEBUG failed to find userid roland in IdentDB
2015-10-22 09:30:49,589 saml2.ident:DEBUG local_policy: <saml2.assertion.Policy object at 0x107466510>, name_id_policy: <?xml version='1.0' encoding='UTF-8'?>
<ns0:NameIDPolicy xmlns:ns0="urn:oasis:names:tc:SAML:2.0:protocol" AllowCreate="false" Format="urn:oasis:names:tc:SAML:2.0:nameid-format:transient" />
2015-10-22 09:30:49,590 saml2.server:DEBUG construct_nameid: roland => <?xml version='1.0' encoding='UTF-8'?>
<ns0:NameID xmlns:ns0="urn:oasis:names:tc:SAML:2.0:assertion" Format="urn:oasis:names:tc:SAML:2.0:nameid-format:transient" NameQualifier="https://localhost:8088/idp.xml" SPNameQualifier="http://localhost:8087/sp.xml">538c26ad223bc8043b5b924434be266c156bf7054eed9360e5a6baaf388fdc4a</ns0:NameID>
2015-10-22 09:30:49,590 saml2.assertion:DEBUG required: [{'is_required': 'true', 'friendly_name': 'sn', '__class__': 'urn:oasis:names:tc:SAML:2.0:metadata&RequestedAttribute', 'name_format': 'urn:oasis:names:tc:SAML:2.0:attrname-format:uri', 'name': 'urn:oid:2.5.4.4'}, {'is_required': 'true', 'friendly_name': 'givenname', '__class__': 'urn:oasis:names:tc:SAML:2.0:metadata&RequestedAttribute', 'name_format': 'urn:oasis:names:tc:SAML:2.0:attrname-format:uri', 'name': 'urn:oid:2.5.4.42'}, {'is_required': 'true', 'friendly_name': 'uid', '__class__': 'urn:oasis:names:tc:SAML:2.0:metadata&RequestedAttribute', 'name_format': 'urn:oasis:names:tc:SAML:2.0:attrname-format:uri', 'name': 'urn:oid:0.9.2342.19200300.100.1.1'}, {'is_required': 'true', 'friendly_name': 'edupersonaffiliation', '__class__': 'urn:oasis:names:tc:SAML:2.0:metadata&RequestedAttribute', 'name_format': 'urn:oasis:names:tc:SAML:2.0:attrname-format:uri', 'name': 'urn:oid:1.3.6.1.4.1.5923.1.1.1.1'}], optional: [{'is_required': 'false', 'friendly_name': 'title', '__class__': 'urn:oasis:names:tc:SAML:2.0:metadata&RequestedAttribute', 'name_format': 'urn:oasis:names:tc:SAML:2.0:attrname-format:uri', 'name': 'urn:oid:2.5.4.12'}]
2015-10-22 09:30:49,592 saml2.entity:INFO HTTP POST
