mod	trans_guid	split_guid	time_now	date_entered	date_posted	acc_guid	acc_name	num	description	notes	memo	action	reconciled	amount	value	date_reconciled
-----------------
===== START
===== END
===== START
C	6bcd1a453347c3a543642a60a08eed9f	62ddd1b2e854eb874aba6198967afce6	2015-11-18 04:31:52.000000 +0100	2015-01-03 09:18:13.000000 +0100	2015-01-03 00:00:00.000000 +0100	bd1eb6e9685d82eab598d059d1b30043	37c29195dfe40a85c18572c59b247811		Monthly utility bill	Automatic wire transfer			n	0/1	0/100	1970-01-01 01:00:00.000000 +0100
C	6bcd1a453347c3a543642a60a08eed9f	2e7c9ec21c4011b5a89ee521a6bbb7fa	2015-11-18 04:31:52.000000 +0100	2015-01-03 09:18:13.000000 +0100	2015-01-03 00:00:00.000000 +0100	bd1eb6e9685d82eab598d059d1b30043	37c29195dfe40a85c18572c59b247811		Monthly utility bill	Automatic wire transfer			n	0/1	0/100	1970-01-01 01:00:00.000000 +0100
C	6bcd1a453347c3a543642a60a08eed9f	1cb2c20796a38bce8f6b3f9b4494a6b4	2015-11-18 04:31:52.000000 +0100	2015-01-03 09:18:13.000000 +0100	2015-01-03 00:00:00.000000 +0100	bd1eb6e9685d82eab598d059d1b30043	37c29195dfe40a85c18572c59b247811		Monthly utility bill	Automatic wire transfer			n	0/1	0/100	1970-01-01 01:00:00.000000 +0100
===== END
===== START
B	6bcd1a453347c3a543642a60a08eed9f	62ddd1b2e854eb874aba6198967afce6	2015-11-18 04:31:52.000000 +0100	2015-01-03 09:18:13.000000 +0100	2015-01-03 00:00:00.000000 +0100	bd1eb6e9685d82eab598d059d1b30043	37c29195dfe40a85c18572c59b247811		Monthly utility bill	Automatic wire transfer			n	0/1	0/100	1970-01-01 01:00:00.000000 +0100
B	6bcd1a453347c3a543642a60a08eed9f	2e7c9ec21c4011b5a89ee521a6bbb7fa	2015-11-18 04:31:52.000000 +0100	2015-01-03 09:18:13.000000 +0100	2015-01-03 00:00:00.000000 +0100	bd1eb6e9685d82eab598d059d1b30043	37c29195dfe40a85c18572c59b247811		Monthly utility bill	Automatic wire transfer			n	0/1	0/100	1970-01-01 01:00:00.000000 +0100
B	6bcd1a453347c3a543642a60a08eed9f	1cb2c20796a38bce8f6b3f9b4494a6b4	2015-11-18 04:31:52.000000 +0100	2015-01-03 09:18:13.000000 +0100	2015-01-03 00:00:00.000000 +0100	bd1eb6e9685d82eab598d059d1b30043	37c29195dfe40a85c18572c59b247811		Monthly utility bill	Automatic wire transfer			n	0/1	0/100	1970-01-01 01:00:00.000000 +0100
===== END
===== START
C	6bcd1a453347c3a543642a60a08eed9f	62ddd1b2e854eb874aba6198967afce6	2015-11-18 04:31:52.000000 +0100	2015-01-03 09:18:13.000000 +0100	2015-02-02 00:00:00.000000 +0100	1a7b2758fed3d8d98f4ec81035a9a457	Checking Account		Monthly utility bill	Automatic wire transfer			n	-7000/100	-7000/100	1970-01-01 01:00:00.000000 +0100
C	6bcd1a453347c3a543642a60a08eed9f	2e7c9ec21c4011b5a89ee521a6bbb7fa	2015-11-18 04:31:52.000000 +0100	2015-01-03 09:18:13.000000 +0100	2015-02-02 00:00:00.000000 +0100	b893be28421a493e0a79b58cd7d9c4c0	Electric		Monthly utility bill	Automatic wire transfer			n	3000/100	3000/100	1970-01-01 01:00:00.000000 +0100
C	6bcd1a453347c3a543642a60a08eed9f	1cb2c20796a38bce8f6b3f9b4494a6b4	2015-11-18 04:31:52.000000 +0100	2015-01-03 09:18:13.000000 +0100	2015-02-02 00:00:00.000000 +0100	0881b5f6e62e5d3303691237a730fe2e	Gas		Monthly utility bill	Automatic wire transfer			n	4000/100	4000/100	1970-01-01 01:00:00.000000 +0100
===== END
===== START
===== END
===== START
C	436546069e85836565f7222841f71eae	08660223359f52daaed99ce41b566570	2015-11-18 04:31:52.000000 +0100	2015-01-03 09:18:13.000000 +0100	2015-01-03 00:00:00.000000 +0100	bd1eb6e9685d82eab598d059d1b30043	37c29195dfe40a85c18572c59b247811		Monthly utility bill	Automatic wire transfer			n	0/1	0/100	1970-01-01 01:00:00.000000 +0100
C	436546069e85836565f7222841f71eae	36299708b4f436a4140a029a568621d3	2015-11-18 04:31:52.000000 +0100	2015-01-03 09:18:13.000000 +0100	2015-01-03 00:00:00.000000 +0100	bd1eb6e9685d82eab598d059d1b30043	37c29195dfe40a85c18572c59b247811		Monthly utility bill	Automatic wire transfer			n	0/1	0/100	1970-01-01 01:00:00.000000 +0100
C	436546069e85836565f7222841f71eae	1e3f089c1a5de84a425a744477238dfd	2015-11-18 04:31:52.000000 +0100	2015-01-03 09:18:13.000000 +0100	2015-01-03 00:00:00.000000 +0100	bd1eb6e9685d82eab598d059d1b30043	37c29195dfe40a85c18572c59b247811		Monthly utility bill	Automatic wire transfer			n	0/1	0/100	1970-01-01 01:00:00.000000 +0100
===== END
===== START
B	436546069e85836565f7222841f71eae	08660223359f52daaed99ce41b566570	2015-11-18 04:31:52.000000 +0100	2015-01-03 09:18:13.000000 +0100	2015-01-03 00:00:00.000000 +0100	bd1eb6e9685d82eab598d059d1b30043	37c29195dfe40a85c18572c59b247811		Monthly utility bill	Automatic wire transfer			n	0/1	0/100	1970-01-01 01:00:00.000000 +0100
B	436546069e85836565f7222841f71eae	36299708b4f436a4140a029a568621d3	2015-11-18 04:31:52.000000 +0100	2015-01-03 09:18:13.000000 +0100	2015-01-03 00:00:00.000000 +0100	bd1eb6e9685d82eab598d059d1b30043	37c29195dfe40a85c18572c59b247811		Monthly utility bill	Automatic wire transfer			n	0/1	0/100	1970-01-01 01:00:00.000000 +0100
B	436546069e85836565f7222841f71eae	1e3f089c1a5de84a425a744477238dfd	2015-11-18 04:31:52.000000 +0100	2015-01-03 09:18:13.000000 +0100	2015-01-03 00:00:00.000000 +0100	bd1eb6e9685d82eab598d059d1b30043	37c29195dfe40a85c18572c59b247811		Monthly utility bill	Automatic wire transfer			n	0/1	0/100	1970-01-01 01:00:00.000000 +0100
===== END
===== START
C	436546069e85836565f7222841f71eae	08660223359f52daaed99ce41b566570	2015-11-18 04:31:52.000000 +0100	2015-01-03 09:18:13.000000 +0100	2015-03-02 00:00:00.000000 +0100	1a7b2758fed3d8d98f4ec81035a9a457	Checking Account		Monthly utility bill	Automatic wire transfer			n	-7000/100	-7000/100	1970-01-01 01:00:00.000000 +0100
C	436546069e85836565f7222841f71eae	36299708b4f436a4140a029a568621d3	2015-11-18 04:31:52.000000 +0100	2015-01-03 09:18:13.000000 +0100	2015-03-02 00:00:00.000000 +0100	b893be28421a493e0a79b58cd7d9c4c0	Electric		Monthly utility bill	Automatic wire transfer			n	3000/100	3000/100	1970-01-01 01:00:00.000000 +0100
C	436546069e85836565f7222841f71eae	1e3f089c1a5de84a425a744477238dfd	2015-11-18 04:31:52.000000 +0100	2015-01-03 09:18:13.000000 +0100	2015-03-02 00:00:00.000000 +0100	0881b5f6e62e5d3303691237a730fe2e	Gas		Monthly utility bill	Automatic wire transfer			n	4000/100	4000/100	1970-01-01 01:00:00.000000 +0100
===== END
===== START
===== END
===== START
C	02fb3df923fdb04a84ae49ceedfce1e8	babbf1108ea7494dda52c7541588c6d0	2015-11-18 04:31:52.000000 +0100	2015-01-03 09:18:13.000000 +0100	2015-01-03 00:00:00.000000 +0100	bd1eb6e9685d82eab598d059d1b30043	37c29195dfe40a85c18572c59b247811		Monthly utility bill	Automatic wire transfer			n	0/1	0/100	1970-01-01 01:00:00.000000 +0100
C	02fb3df923fdb04a84ae49ceedfce1e8	7f575c7bfa7f7a44ed3d5e6fade3b8bc	2015-11-18 04:31:52.000000 +0100	2015-01-03 09:18:13.000000 +0100	2015-01-03 00:00:00.000000 +0100	bd1eb6e9685d82eab598d059d1b30043	37c29195dfe40a85c18572c59b247811		Monthly utility bill	Automatic wire transfer			n	0/1	0/100	1970-01-01 01:00:00.000000 +0100
C	02fb3df923fdb04a84ae49ceedfce1e8	66d618671346f58f337aa95147f3d513	2015-11-18 04:31:52.000000 +0100	2015-01-03 09:18:13.000000 +0100	2015-01-03 00:00:00.000000 +0100	bd1eb6e9685d82eab598d059d1b30043	37c29195dfe40a85c18572c59b247811		Monthly utility bill	Automatic wire transfer			n	0/1	0/100	1970-01-01 01:00:00.000000 +0100
===== END
===== START
B	02fb3df923fdb04a84ae49ceedfce1e8	babbf1108ea7494dda52c7541588c6d0	2015-11-18 04:31:52.000000 +0100	2015-01-03 09:18:13.000000 +0100	2015-01-03 00:00:00.000000 +0100	bd1eb6e9685d82eab598d059d1b30043	37c29195dfe40a85c18572c59b247811		Monthly utility bill	Automatic wire transfer			n	0/1	0/100	1970-01-01 01:00:00.000000 +0100
B	02fb3df923fdb04a84ae49ceedfce1e8	7f575c7bfa7f7a44ed3d5e6fade3b8bc	2015-11-18 04:31:52.000000 +0100	2015-01-03 09:18:13.000000 +0100	2015-01-03 00:00:00.000000 +0100	bd1eb6e9685d82eab598d059d1b30043	37c29195dfe40a85c18572c59b247811		Monthly utility bill	Automatic wire transfer			n	0/1	0/100	1970-01-01 01:00:00.000000 +0100
B	02fb3df923fdb04a84ae49ceedfce1e8	66d618671346f58f337aa95147f3d513	2015-11-18 04:31:52.000000 +0100	2015-01-03 09:18:13.000000 +0100	2015-01-03 00:00:00.000000 +0100	bd1eb6e9685d82eab598d059d1b30043	37c29195dfe40a85c18572c59b247811		Monthly utility bill	Automatic wire transfer			n	0/1	0/100	1970-01-01 01:00:00.000000 +0100
===== END
===== START
C	02fb3df923fdb04a84ae49ceedfce1e8	babbf1108ea7494dda52c7541588c6d0	2015-11-18 04:31:52.000000 +0100	2015-01-03 09:18:13.000000 +0100	2015-04-01 00:00:00.000000 +0200	1a7b2758fed3d8d98f4ec81035a9a457	Checking Account		Monthly utility bill	Automatic wire transfer			n	-7000/100	-7000/100	1970-01-01 01:00:00.000000 +0100
C	02fb3df923fdb04a84ae49ceedfce1e8	7f575c7bfa7f7a44ed3d5e6fade3b8bc	2015-11-18 04:31:52.000000 +0100	2015-01-03 09:18:13.000000 +0100	2015-04-01 00:00:00.000000 +0200	b893be28421a493e0a79b58cd7d9c4c0	Electric		Monthly utility bill	Automatic wire transfer			n	3000/100	3000/100	1970-01-01 01:00:00.000000 +0100
C	02fb3df923fdb04a84ae49ceedfce1e8	66d618671346f58f337aa95147f3d513	2015-11-18 04:31:52.000000 +0100	2015-01-03 09:18:13.000000 +0100	2015-04-01 00:00:00.000000 +0200	0881b5f6e62e5d3303691237a730fe2e	Gas		Monthly utility bill	Automatic wire transfer			n	4000/100	4000/100	1970-01-01 01:00:00.000000 +0100
===== END
===== START
===== END
===== START
C	3c6f8dfb335a7c17e7009efd1b1ef8b1	0cf3339f25fb08b3a16e695ef1b14298	2015-11-18 04:31:52.000000 +0100	2015-01-03 09:18:13.000000 +0100	2015-01-03 00:00:00.000000 +0100	bd1eb6e9685d82eab598d059d1b30043	37c29195dfe40a85c18572c59b247811		Monthly utility bill	Automatic wire transfer			n	0/1	0/100	1970-01-01 01:00:00.000000 +0100
C	3c6f8dfb335a7c17e7009efd1b1ef8b1	57bc46394d2c55b70cde61d3af85048f	2015-11-18 04:31:52.000000 +0100	2015-01-03 09:18:13.000000 +0100	2015-01-03 00:00:00.000000 +0100	bd1eb6e9685d82eab598d059d1b30043	37c29195dfe40a85c18572c59b247811		Monthly utility bill	Automatic wire transfer			n	0/1	0/100	1970-01-01 01:00:00.000000 +0100
C	3c6f8dfb335a7c17e7009efd1b1ef8b1	9ab85cdbe164b9ae74dcd7eb120de05d	2015-11-18 04:31:52.000000 +0100	2015-01-03 09:18:13.000000 +0100	2015-01-03 00:00:00.000000 +0100	bd1eb6e9685d82eab598d059d1b30043	37c29195dfe40a85c18572c59b247811		Monthly utility bill	Automatic wire transfer			n	0/1	0/100	1970-01-01 01:00:00.000000 +0100
===== END
===== START
B	3c6f8dfb335a7c17e7009efd1b1ef8b1	0cf3339f25fb08b3a16e695ef1b14298	2015-11-18 04:31:52.000000 +0100	2015-01-03 09:18:13.000000 +0100	2015-01-03 00:00:00.000000 +0100	bd1eb6e9685d82eab598d059d1b30043	37c29195dfe40a85c18572c59b247811		Monthly utility bill	Automatic wire transfer			n	0/1	0/100	1970-01-01 01:00:00.000000 +0100
B	3c6f8dfb335a7c17e7009efd1b1ef8b1	57bc46394d2c55b70cde61d3af85048f	2015-11-18 04:31:52.000000 +0100	2015-01-03 09:18:13.000000 +0100	2015-01-03 00:00:00.000000 +0100	bd1eb6e9685d82eab598d059d1b30043	37c29195dfe40a85c18572c59b247811		Monthly utility bill	Automatic wire transfer			n	0/1	0/100	1970-01-01 01:00:00.000000 +0100
B	3c6f8dfb335a7c17e7009efd1b1ef8b1	9ab85cdbe164b9ae74dcd7eb120de05d	2015-11-18 04:31:52.000000 +0100	2015-01-03 09:18:13.000000 +0100	2015-01-03 00:00:00.000000 +0100	bd1eb6e9685d82eab598d059d1b30043	37c29195dfe40a85c18572c59b247811		Monthly utility bill	Automatic wire transfer			n	0/1	0/100	1970-01-01 01:00:00.000000 +0100
===== END
===== START
C	3c6f8dfb335a7c17e7009efd1b1ef8b1	0cf3339f25fb08b3a16e695ef1b14298	2015-11-18 04:31:52.000000 +0100	2015-01-03 09:18:13.000000 +0100	2015-05-01 00:00:00.000000 +0200	1a7b2758fed3d8d98f4ec81035a9a457	Checking Account		Monthly utility bill	Automatic wire transfer			n	-7000/100	-7000/100	1970-01-01 01:00:00.000000 +0100
C	3c6f8dfb335a7c17e7009efd1b1ef8b1	57bc46394d2c55b70cde61d3af85048f	2015-11-18 04:31:52.000000 +0100	2015-01-03 09:18:13.000000 +0100	2015-05-01 00:00:00.000000 +0200	b893be28421a493e0a79b58cd7d9c4c0	Electric		Monthly utility bill	Automatic wire transfer			n	3000/100	3000/100	1970-01-01 01:00:00.000000 +0100
C	3c6f8dfb335a7c17e7009efd1b1ef8b1	9ab85cdbe164b9ae74dcd7eb120de05d	2015-11-18 04:31:52.000000 +0100	2015-01-03 09:18:13.000000 +0100	2015-05-01 00:00:00.000000 +0200	0881b5f6e62e5d3303691237a730fe2e	Gas		Monthly utility bill	Automatic wire transfer			n	4000/100	4000/100	1970-01-01 01:00:00.000000 +0100
===== END
===== START
===== END
===== START
C	d51a802e08d00c23fc50619e4f7657ad	e58fb24764c0d5f49702b5a2613ff355	2015-11-18 04:31:52.000000 +0100	2015-01-03 09:18:13.000000 +0100	2015-01-03 00:00:00.000000 +0100	bd1eb6e9685d82eab598d059d1b30043	37c29195dfe40a85c18572c59b247811		Monthly utility bill	Automatic wire transfer			n	0/1	0/100	1970-01-01 01:00:00.000000 +0100
C	d51a802e08d00c23fc50619e4f7657ad	8e8050a44fbe1904891b43f7d93fc1e4	2015-11-18 04:31:52.000000 +0100	2015-01-03 09:18:13.000000 +0100	2015-01-03 00:00:00.000000 +0100	bd1eb6e9685d82eab598d059d1b30043	37c29195dfe40a85c18572c59b247811		Monthly utility bill	Automatic wire transfer			n	0/1	0/100	1970-01-01 01:00:00.000000 +0100
C	d51a802e08d00c23fc50619e4f7657ad	e5217317ea17b6f0d693d027957347eb	2015-11-18 04:31:52.000000 +0100	2015-01-03 09:18:13.000000 +0100	2015-01-03 00:00:00.000000 +0100	bd1eb6e9685d82eab598d059d1b30043	37c29195dfe40a85c18572c59b247811		Monthly utility bill	Automatic wire transfer			n	0/1	0/100	1970-01-01 01:00:00.000000 +0100
===== END
===== START
B	d51a802e08d00c23fc50619e4f7657ad	e58fb24764c0d5f49702b5a2613ff355	2015-11-18 04:31:52.000000 +0100	2015-01-03 09:18:13.000000 +0100	2015-01-03 00:00:00.000000 +0100	bd1eb6e9685d82eab598d059d1b30043	37c29195dfe40a85c18572c59b247811		Monthly utility bill	Automatic wire transfer			n	0/1	0/100	1970-01-01 01:00:00.000000 +0100
B	d51a802e08d00c23fc50619e4f7657ad	8e8050a44fbe1904891b43f7d93fc1e4	2015-11-18 04:31:52.000000 +0100	2015-01-03 09:18:13.000000 +0100	2015-01-03 00:00:00.000000 +0100	bd1eb6e9685d82eab598d059d1b30043	37c29195dfe40a85c18572c59b247811		Monthly utility bill	Automatic wire transfer			n	0/1	0/100	1970-01-01 01:00:00.000000 +0100
B	d51a802e08d00c23fc50619e4f7657ad	e5217317ea17b6f0d693d027957347eb	2015-11-18 04:31:52.000000 +0100	2015-01-03 09:18:13.000000 +0100	2015-01-03 00:00:00.000000 +0100	bd1eb6e9685d82eab598d059d1b30043	37c29195dfe40a85c18572c59b247811		Monthly utility bill	Automatic wire transfer			n	0/1	0/100	1970-01-01 01:00:00.000000 +0100
===== END
===== START
C	d51a802e08d00c23fc50619e4f7657ad	e58fb24764c0d5f49702b5a2613ff355	2015-11-18 04:31:53.000000 +0100	2015-01-03 09:18:13.000000 +0100	2015-06-01 00:00:00.000000 +0200	1a7b2758fed3d8d98f4ec81035a9a457	Checking Account		Monthly utility bill	Automatic wire transfer			n	-7000/100	-7000/100	1970-01-01 01:00:00.000000 +0100
C	d51a802e08d00c23fc50619e4f7657ad	8e8050a44fbe1904891b43f7d93fc1e4	2015-11-18 04:31:53.000000 +0100	2015-01-03 09:18:13.000000 +0100	2015-06-01 00:00:00.000000 +0200	b893be28421a493e0a79b58cd7d9c4c0	Electric		Monthly utility bill	Automatic wire transfer			n	3000/100	3000/100	1970-01-01 01:00:00.000000 +0100
C	d51a802e08d00c23fc50619e4f7657ad	e5217317ea17b6f0d693d027957347eb	2015-11-18 04:31:53.000000 +0100	2015-01-03 09:18:13.000000 +0100	2015-06-01 00:00:00.000000 +0200	0881b5f6e62e5d3303691237a730fe2e	Gas		Monthly utility bill	Automatic wire transfer			n	4000/100	4000/100	1970-01-01 01:00:00.000000 +0100
===== END
===== START
===== END
===== START
C	d1bc12e45e6cc0851da344a8828e1e6c	d52ec5ccc6f2e4b41d73f2be6014f797	2015-11-18 04:31:53.000000 +0100	2015-01-03 09:18:13.000000 +0100	2015-01-03 00:00:00.000000 +0100	bd1eb6e9685d82eab598d059d1b30043	37c29195dfe40a85c18572c59b247811		Monthly utility bill	Automatic wire transfer			n	0/1	0/100	1970-01-01 01:00:00.000000 +0100
C	d1bc12e45e6cc0851da344a8828e1e6c	1f5bb2902dbfd0205696a19208990b7b	2015-11-18 04:31:53.000000 +0100	2015-01-03 09:18:13.000000 +0100	2015-01-03 00:00:00.000000 +0100	bd1eb6e9685d82eab598d059d1b30043	37c29195dfe40a85c18572c59b247811		Monthly utility bill	Automatic wire transfer			n	0/1	0/100	1970-01-01 01:00:00.000000 +0100
C	d1bc12e45e6cc0851da344a8828e1e6c	65907a487e0f6ce51427d4087b67436e	2015-11-18 04:31:53.000000 +0100	2015-01-03 09:18:13.000000 +0100	2015-01-03 00:00:00.000000 +0100	bd1eb6e9685d82eab598d059d1b30043	37c29195dfe40a85c18572c59b247811		Monthly utility bill	Automatic wire transfer			n	0/1	0/100	1970-01-01 01:00:00.000000 +0100
===== END
===== START
B	d1bc12e45e6cc0851da344a8828e1e6c	d52ec5ccc6f2e4b41d73f2be6014f797	2015-11-18 04:31:53.000000 +0100	2015-01-03 09:18:13.000000 +0100	2015-01-03 00:00:00.000000 +0100	bd1eb6e9685d82eab598d059d1b30043	37c29195dfe40a85c18572c59b247811		Monthly utility bill	Automatic wire transfer			n	0/1	0/100	1970-01-01 01:00:00.000000 +0100
B	d1bc12e45e6cc0851da344a8828e1e6c	1f5bb2902dbfd0205696a19208990b7b	2015-11-18 04:31:53.000000 +0100	2015-01-03 09:18:13.000000 +0100	2015-01-03 00:00:00.000000 +0100	bd1eb6e9685d82eab598d059d1b30043	37c29195dfe40a85c18572c59b247811		Monthly utility bill	Automatic wire transfer			n	0/1	0/100	1970-01-01 01:00:00.000000 +0100
B	d1bc12e45e6cc0851da344a8828e1e6c	65907a487e0f6ce51427d4087b67436e	2015-11-18 04:31:53.000000 +0100	2015-01-03 09:18:13.000000 +0100	2015-01-03 00:00:00.000000 +0100	bd1eb6e9685d82eab598d059d1b30043	37c29195dfe40a85c18572c59b247811		Monthly utility bill	Automatic wire transfer			n	0/1	0/100	1970-01-01 01:00:00.000000 +0100
===== END
===== START
C	d1bc12e45e6cc0851da344a8828e1e6c	d52ec5ccc6f2e4b41d73f2be6014f797	2015-11-18 04:31:53.000000 +0100	2015-01-03 09:18:13.000000 +0100	2015-07-01 00:00:00.000000 +0200	1a7b2758fed3d8d98f4ec81035a9a457	Checking Account		Monthly utility bill	Automatic wire transfer			n	-7000/100	-7000/100	1970-01-01 01:00:00.000000 +0100
C	d1bc12e45e6cc0851da344a8828e1e6c	1f5bb2902dbfd0205696a19208990b7b	2015-11-18 04:31:53.000000 +0100	2015-01-03 09:18:13.000000 +0100	2015-07-01 00:00:00.000000 +0200	b893be28421a493e0a79b58cd7d9c4c0	Electric		Monthly utility bill	Automatic wire transfer			n	3000/100	3000/100	1970-01-01 01:00:00.000000 +0100
C	d1bc12e45e6cc0851da344a8828e1e6c	65907a487e0f6ce51427d4087b67436e	2015-11-18 04:31:53.000000 +0100	2015-01-03 09:18:13.000000 +0100	2015-07-01 00:00:00.000000 +0200	0881b5f6e62e5d3303691237a730fe2e	Gas		Monthly utility bill	Automatic wire transfer			n	4000/100	4000/100	1970-01-01 01:00:00.000000 +0100
===== END
===== START
===== END
===== START
C	2fb389c871a0bf69f2a128055cad133b	244f35a987121dbe83f0c145062cd3ac	2015-11-18 04:31:53.000000 +0100	2015-01-03 09:18:13.000000 +0100	2015-01-03 00:00:00.000000 +0100	bd1eb6e9685d82eab598d059d1b30043	37c29195dfe40a85c18572c59b247811		Monthly utility bill	Automatic wire transfer			n	0/1	0/100	1970-01-01 01:00:00.000000 +0100
C	2fb389c871a0bf69f2a128055cad133b	21f09995e9b854f76f032d7ae1622fe0	2015-11-18 04:31:53.000000 +0100	2015-01-03 09:18:13.000000 +0100	2015-01-03 00:00:00.000000 +0100	bd1eb6e9685d82eab598d059d1b30043	37c29195dfe40a85c18572c59b247811		Monthly utility bill	Automatic wire transfer			n	0/1	0/100	1970-01-01 01:00:00.000000 +0100
C	2fb389c871a0bf69f2a128055cad133b	746732f3c3a9c516018391cc2b2d3d50	2015-11-18 04:31:53.000000 +0100	2015-01-03 09:18:13.000000 +0100	2015-01-03 00:00:00.000000 +0100	bd1eb6e9685d82eab598d059d1b30043	37c29195dfe40a85c18572c59b247811		Monthly utility bill	Automatic wire transfer			n	0/1	0/100	1970-01-01 01:00:00.000000 +0100
===== END
===== START
B	2fb389c871a0bf69f2a128055cad133b	244f35a987121dbe83f0c145062cd3ac	2015-11-18 04:31:53.000000 +0100	2015-01-03 09:18:13.000000 +0100	2015-01-03 00:00:00.000000 +0100	bd1eb6e9685d82eab598d059d1b30043	37c29195dfe40a85c18572c59b247811		Monthly utility bill	Automatic wire transfer			n	0/1	0/100	1970-01-01 01:00:00.000000 +0100
B	2fb389c871a0bf69f2a128055cad133b	21f09995e9b854f76f032d7ae1622fe0	2015-11-18 04:31:53.000000 +0100	2015-01-03 09:18:13.000000 +0100	2015-01-03 00:00:00.000000 +0100	bd1eb6e9685d82eab598d059d1b30043	37c29195dfe40a85c18572c59b247811		Monthly utility bill	Automatic wire transfer			n	0/1	0/100	1970-01-01 01:00:00.000000 +0100
B	2fb389c871a0bf69f2a128055cad133b	746732f3c3a9c516018391cc2b2d3d50	2015-11-18 04:31:53.000000 +0100	2015-01-03 09:18:13.000000 +0100	2015-01-03 00:00:00.000000 +0100	bd1eb6e9685d82eab598d059d1b30043	37c29195dfe40a85c18572c59b247811		Monthly utility bill	Automatic wire transfer			n	0/1	0/100	1970-01-01 01:00:00.000000 +0100
===== END
===== START
C	2fb389c871a0bf69f2a128055cad133b	244f35a987121dbe83f0c145062cd3ac	2015-11-18 04:31:53.000000 +0100	2015-01-03 09:18:13.000000 +0100	2015-08-03 00:00:00.000000 +0200	1a7b2758fed3d8d98f4ec81035a9a457	Checking Account		Monthly utility bill	Automatic wire transfer			n	-7000/100	-7000/100	1970-01-01 01:00:00.000000 +0100
C	2fb389c871a0bf69f2a128055cad133b	21f09995e9b854f76f032d7ae1622fe0	2015-11-18 04:31:53.000000 +0100	2015-01-03 09:18:13.000000 +0100	2015-08-03 00:00:00.000000 +0200	b893be28421a493e0a79b58cd7d9c4c0	Electric		Monthly utility bill	Automatic wire transfer			n	3000/100	3000/100	1970-01-01 01:00:00.000000 +0100
C	2fb389c871a0bf69f2a128055cad133b	746732f3c3a9c516018391cc2b2d3d50	2015-11-18 04:31:53.000000 +0100	2015-01-03 09:18:13.000000 +0100	2015-08-03 00:00:00.000000 +0200	0881b5f6e62e5d3303691237a730fe2e	Gas		Monthly utility bill	Automatic wire transfer			n	4000/100	4000/100	1970-01-01 01:00:00.000000 +0100
===== END
===== START
===== END
===== START
C	f1b57e28449b8eb63f8d292535cfadab	fe31789a46477fe4b21cbe4c7540917a	2015-11-18 04:31:53.000000 +0100	2015-01-03 09:18:13.000000 +0100	2015-01-03 00:00:00.000000 +0100	bd1eb6e9685d82eab598d059d1b30043	37c29195dfe40a85c18572c59b247811		Monthly utility bill	Automatic wire transfer			n	0/1	0/100	1970-01-01 01:00:00.000000 +0100
C	f1b57e28449b8eb63f8d292535cfadab	dad0f92ffb153419def59f7347e85ad6	2015-11-18 04:31:53.000000 +0100	2015-01-03 09:18:13.000000 +0100	2015-01-03 00:00:00.000000 +0100	bd1eb6e9685d82eab598d059d1b30043	37c29195dfe40a85c18572c59b247811		Monthly utility bill	Automatic wire transfer			n	0/1	0/100	1970-01-01 01:00:00.000000 +0100
C	f1b57e28449b8eb63f8d292535cfadab	6c8605e2272521b155c757ce8188b3d3	2015-11-18 04:31:53.000000 +0100	2015-01-03 09:18:13.000000 +0100	2015-01-03 00:00:00.000000 +0100	bd1eb6e9685d82eab598d059d1b30043	37c29195dfe40a85c18572c59b247811		Monthly utility bill	Automatic wire transfer			n	0/1	0/100	1970-01-01 01:00:00.000000 +0100
===== END
===== START
B	f1b57e28449b8eb63f8d292535cfadab	fe31789a46477fe4b21cbe4c7540917a	2015-11-18 04:31:53.000000 +0100	2015-01-03 09:18:13.000000 +0100	2015-01-03 00:00:00.000000 +0100	bd1eb6e9685d82eab598d059d1b30043	37c29195dfe40a85c18572c59b247811		Monthly utility bill	Automatic wire transfer			n	0/1	0/100	1970-01-01 01:00:00.000000 +0100
B	f1b57e28449b8eb63f8d292535cfadab	dad0f92ffb153419def59f7347e85ad6	2015-11-18 04:31:53.000000 +0100	2015-01-03 09:18:13.000000 +0100	2015-01-03 00:00:00.000000 +0100	bd1eb6e9685d82eab598d059d1b30043	37c29195dfe40a85c18572c59b247811		Monthly utility bill	Automatic wire transfer			n	0/1	0/100	1970-01-01 01:00:00.000000 +0100
B	f1b57e28449b8eb63f8d292535cfadab	6c8605e2272521b155c757ce8188b3d3	2015-11-18 04:31:53.000000 +0100	2015-01-03 09:18:13.000000 +0100	2015-01-03 00:00:00.000000 +0100	bd1eb6e9685d82eab598d059d1b30043	37c29195dfe40a85c18572c59b247811		Monthly utility bill	Automatic wire transfer			n	0/1	0/100	1970-01-01 01:00:00.000000 +0100
===== END
===== START
C	f1b57e28449b8eb63f8d292535cfadab	fe31789a46477fe4b21cbe4c7540917a	2015-11-18 04:31:53.000000 +0100	2015-01-03 09:18:13.000000 +0100	2015-09-01 00:00:00.000000 +0200	1a7b2758fed3d8d98f4ec81035a9a457	Checking Account		Monthly utility bill	Automatic wire transfer			n	-7000/100	-7000/100	1970-01-01 01:00:00.000000 +0100
C	f1b57e28449b8eb63f8d292535cfadab	dad0f92ffb153419def59f7347e85ad6	2015-11-18 04:31:53.000000 +0100	2015-01-03 09:18:13.000000 +0100	2015-09-01 00:00:00.000000 +0200	b893be28421a493e0a79b58cd7d9c4c0	Electric		Monthly utility bill	Automatic wire transfer			n	3000/100	3000/100	1970-01-01 01:00:00.000000 +0100
C	f1b57e28449b8eb63f8d292535cfadab	6c8605e2272521b155c757ce8188b3d3	2015-11-18 04:31:53.000000 +0100	2015-01-03 09:18:13.000000 +0100	2015-09-01 00:00:00.000000 +0200	0881b5f6e62e5d3303691237a730fe2e	Gas		Monthly utility bill	Automatic wire transfer			n	4000/100	4000/100	1970-01-01 01:00:00.000000 +0100
===== END
===== START
===== END
===== START
C	44efa0cc371de90cfb7800cdbe9f2d60	7d0cfeee32ff9b220ccb4d4073e15215	2015-11-18 04:31:53.000000 +0100	2015-01-03 09:18:13.000000 +0100	2015-01-03 00:00:00.000000 +0100	bd1eb6e9685d82eab598d059d1b30043	37c29195dfe40a85c18572c59b247811		Monthly utility bill	Automatic wire transfer			n	0/1	0/100	1970-01-01 01:00:00.000000 +0100
C	44efa0cc371de90cfb7800cdbe9f2d60	83b1f1e2e572bf151e74b86c05e16ede	2015-11-18 04:31:53.000000 +0100	2015-01-03 09:18:13.000000 +0100	2015-01-03 00:00:00.000000 +0100	bd1eb6e9685d82eab598d059d1b30043	37c29195dfe40a85c18572c59b247811		Monthly utility bill	Automatic wire transfer			n	0/1	0/100	1970-01-01 01:00:00.000000 +0100
C	44efa0cc371de90cfb7800cdbe9f2d60	587ca3a65b1d9afa1b738bdd7d1fb9bb	2015-11-18 04:31:53.000000 +0100	2015-01-03 09:18:13.000000 +0100	2015-01-03 00:00:00.000000 +0100	bd1eb6e9685d82eab598d059d1b30043	37c29195dfe40a85c18572c59b247811		Monthly utility bill	Automatic wire transfer			n	0/1	0/100	1970-01-01 01:00:00.000000 +0100
===== END
===== START
B	44efa0cc371de90cfb7800cdbe9f2d60	7d0cfeee32ff9b220ccb4d4073e15215	2015-11-18 04:31:53.000000 +0100	2015-01-03 09:18:13.000000 +0100	2015-01-03 00:00:00.000000 +0100	bd1eb6e9685d82eab598d059d1b30043	37c29195dfe40a85c18572c59b247811		Monthly utility bill	Automatic wire transfer			n	0/1	0/100	1970-01-01 01:00:00.000000 +0100
B	44efa0cc371de90cfb7800cdbe9f2d60	83b1f1e2e572bf151e74b86c05e16ede	2015-11-18 04:31:53.000000 +0100	2015-01-03 09:18:13.000000 +0100	2015-01-03 00:00:00.000000 +0100	bd1eb6e9685d82eab598d059d1b30043	37c29195dfe40a85c18572c59b247811		Monthly utility bill	Automatic wire transfer			n	0/1	0/100	1970-01-01 01:00:00.000000 +0100
B	44efa0cc371de90cfb7800cdbe9f2d60	587ca3a65b1d9afa1b738bdd7d1fb9bb	2015-11-18 04:31:53.000000 +0100	2015-01-03 09:18:13.000000 +0100	2015-01-03 00:00:00.000000 +0100	bd1eb6e9685d82eab598d059d1b30043	37c29195dfe40a85c18572c59b247811		Monthly utility bill	Automatic wire transfer			n	0/1	0/100	1970-01-01 01:00:00.000000 +0100
===== END
===== START
C	44efa0cc371de90cfb7800cdbe9f2d60	7d0cfeee32ff9b220ccb4d4073e15215	2015-11-18 04:31:53.000000 +0100	2015-01-03 09:18:13.000000 +0100	2015-10-01 00:00:00.000000 +0200	1a7b2758fed3d8d98f4ec81035a9a457	Checking Account		Monthly utility bill	Automatic wire transfer			n	-7000/100	-7000/100	1970-01-01 01:00:00.000000 +0100
C	44efa0cc371de90cfb7800cdbe9f2d60	83b1f1e2e572bf151e74b86c05e16ede	2015-11-18 04:31:53.000000 +0100	2015-01-03 09:18:13.000000 +0100	2015-10-01 00:00:00.000000 +0200	b893be28421a493e0a79b58cd7d9c4c0	Electric		Monthly utility bill	Automatic wire transfer			n	3000/100	3000/100	1970-01-01 01:00:00.000000 +0100
C	44efa0cc371de90cfb7800cdbe9f2d60	587ca3a65b1d9afa1b738bdd7d1fb9bb	2015-11-18 04:31:53.000000 +0100	2015-01-03 09:18:13.000000 +0100	2015-10-01 00:00:00.000000 +0200	0881b5f6e62e5d3303691237a730fe2e	Gas		Monthly utility bill	Automatic wire transfer			n	4000/100	4000/100	1970-01-01 01:00:00.000000 +0100
===== END
===== START
===== END
===== START
C	0fc5dbe4514cd51cc79d7e8abf5d1c15	bdbaec8af86ad4fa71a638c9073da910	2015-11-18 04:31:53.000000 +0100	2015-01-03 09:18:13.000000 +0100	2015-01-03 00:00:00.000000 +0100	bd1eb6e9685d82eab598d059d1b30043	37c29195dfe40a85c18572c59b247811		Monthly utility bill	Automatic wire transfer			n	0/1	0/100	1970-01-01 01:00:00.000000 +0100
C	0fc5dbe4514cd51cc79d7e8abf5d1c15	4f91d130dada6f7b4b5d18f565596c87	2015-11-18 04:31:53.000000 +0100	2015-01-03 09:18:13.000000 +0100	2015-01-03 00:00:00.000000 +0100	bd1eb6e9685d82eab598d059d1b30043	37c29195dfe40a85c18572c59b247811		Monthly utility bill	Automatic wire transfer			n	0/1	0/100	1970-01-01 01:00:00.000000 +0100
C	0fc5dbe4514cd51cc79d7e8abf5d1c15	6ee21b2092bec6840c1aff8fe6e46bbe	2015-11-18 04:31:53.000000 +0100	2015-01-03 09:18:13.000000 +0100	2015-01-03 00:00:00.000000 +0100	bd1eb6e9685d82eab598d059d1b30043	37c29195dfe40a85c18572c59b247811		Monthly utility bill	Automatic wire transfer			n	0/1	0/100	1970-01-01 01:00:00.000000 +0100
===== END
===== START
B	0fc5dbe4514cd51cc79d7e8abf5d1c15	bdbaec8af86ad4fa71a638c9073da910	2015-11-18 04:31:53.000000 +0100	2015-01-03 09:18:13.000000 +0100	2015-01-03 00:00:00.000000 +0100	bd1eb6e9685d82eab598d059d1b30043	37c29195dfe40a85c18572c59b247811		Monthly utility bill	Automatic wire transfer			n	0/1	0/100	1970-01-01 01:00:00.000000 +0100
B	0fc5dbe4514cd51cc79d7e8abf5d1c15	4f91d130dada6f7b4b5d18f565596c87	2015-11-18 04:31:53.000000 +0100	2015-01-03 09:18:13.000000 +0100	2015-01-03 00:00:00.000000 +0100	bd1eb6e9685d82eab598d059d1b30043	37c29195dfe40a85c18572c59b247811		Monthly utility bill	Automatic wire transfer			n	0/1	0/100	1970-01-01 01:00:00.000000 +0100
B	0fc5dbe4514cd51cc79d7e8abf5d1c15	6ee21b2092bec6840c1aff8fe6e46bbe	2015-11-18 04:31:53.000000 +0100	2015-01-03 09:18:13.000000 +0100	2015-01-03 00:00:00.000000 +0100	bd1eb6e9685d82eab598d059d1b30043	37c29195dfe40a85c18572c59b247811		Monthly utility bill	Automatic wire transfer			n	0/1	0/100	1970-01-01 01:00:00.000000 +0100
===== END
===== START
C	0fc5dbe4514cd51cc79d7e8abf5d1c15	bdbaec8af86ad4fa71a638c9073da910	2015-11-18 04:31:53.000000 +0100	2015-01-03 09:18:13.000000 +0100	2015-11-02 00:00:00.000000 +0100	1a7b2758fed3d8d98f4ec81035a9a457	Checking Account		Monthly utility bill	Automatic wire transfer			n	-7000/100	-7000/100	1970-01-01 01:00:00.000000 +0100
C	0fc5dbe4514cd51cc79d7e8abf5d1c15	4f91d130dada6f7b4b5d18f565596c87	2015-11-18 04:31:53.000000 +0100	2015-01-03 09:18:13.000000 +0100	2015-11-02 00:00:00.000000 +0100	b893be28421a493e0a79b58cd7d9c4c0	Electric		Monthly utility bill	Automatic wire transfer			n	3000/100	3000/100	1970-01-01 01:00:00.000000 +0100
C	0fc5dbe4514cd51cc79d7e8abf5d1c15	6ee21b2092bec6840c1aff8fe6e46bbe	2015-11-18 04:31:53.000000 +0100	2015-01-03 09:18:13.000000 +0100	2015-11-02 00:00:00.000000 +0100	0881b5f6e62e5d3303691237a730fe2e	Gas		Monthly utility bill	Automatic wire transfer			n	4000/100	4000/100	1970-01-01 01:00:00.000000 +0100
===== END
===== START
===== END
===== START
C	49af40cf736ececd08914c0c583ec180	a0f91b5168cae71efaa04a92e6fd690e	2015-11-18 04:31:53.000000 +0100	2015-01-03 09:22:48.000000 +0100	2015-01-03 00:00:00.000000 +0100	ef844b067ee85f24062505eff37cde84	eaed39aac85788b98e9a4e6faad18d72		Insurance				n	0/1	0/100	1970-01-01 01:00:00.000000 +0100
C	49af40cf736ececd08914c0c583ec180	16e25b691c483ab5dc2d44cb9986ed96	2015-11-18 04:31:53.000000 +0100	2015-01-03 09:22:48.000000 +0100	2015-01-03 00:00:00.000000 +0100	ef844b067ee85f24062505eff37cde84	eaed39aac85788b98e9a4e6faad18d72		Insurance				n	0/1	0/100	1970-01-01 01:00:00.000000 +0100
===== END
===== START
B	49af40cf736ececd08914c0c583ec180	a0f91b5168cae71efaa04a92e6fd690e	2015-11-18 04:31:53.000000 +0100	2015-01-03 09:22:48.000000 +0100	2015-01-03 00:00:00.000000 +0100	ef844b067ee85f24062505eff37cde84	eaed39aac85788b98e9a4e6faad18d72		Insurance				n	0/1	0/100	1970-01-01 01:00:00.000000 +0100
B	49af40cf736ececd08914c0c583ec180	16e25b691c483ab5dc2d44cb9986ed96	2015-11-18 04:31:53.000000 +0100	2015-01-03 09:22:48.000000 +0100	2015-01-03 00:00:00.000000 +0100	ef844b067ee85f24062505eff37cde84	eaed39aac85788b98e9a4e6faad18d72		Insurance				n	0/1	0/100	1970-01-01 01:00:00.000000 +0100
===== END
===== START
C	49af40cf736ececd08914c0c583ec180	a0f91b5168cae71efaa04a92e6fd690e	2015-11-18 04:31:53.000000 +0100	2015-01-03 09:22:48.000000 +0100	2015-06-01 00:00:00.000000 +0200	8414fb34d306e29dbadfe43d4aa38be8	Auto Insurance		Insurance				n	3000/100	3000/100	1970-01-01 01:00:00.000000 +0100
C	49af40cf736ececd08914c0c583ec180	16e25b691c483ab5dc2d44cb9986ed96	2015-11-18 04:31:53.000000 +0100	2015-01-03 09:22:48.000000 +0100	2015-06-01 00:00:00.000000 +0200	1a7b2758fed3d8d98f4ec81035a9a457	Checking Account		Insurance				n	-3000/100	-3000/100	1970-01-01 01:00:00.000000 +0100
===== END
