This file contains any messages produced by compilers while
running configure, to aid debugging if configure makes a mistake.

It was created by configure, which was
generated by GNU Autoconf 2.61.  Invocation command line was

  $ ./configure --disable-drs --disable-hdf --disable-ql --with-ncinc=/usr/include --with-ncincf=/usr/include --with-nclib=/usr/lib64 --with-hdf5inc=/usr/include --with-hdf5lib=/usr/lib64

## --------- ##
## Platform. ##
## --------- ##

hostname = jasmin-sci1-dev.ceda.ac.uk
uname -m = x86_64
uname -r = 2.6.32-573.1.1.el6.x86_64
uname -s = Linux
uname -v = #1 SMP Tue Jul 14 02:46:51 EDT 2015

/usr/bin/uname -p = unknown
/bin/uname -X     = unknown

/bin/arch              = x86_64
/usr/bin/arch -k       = unknown
/usr/convex/getsysinfo = unknown
/usr/bin/hostinfo      = unknown
/bin/machine           = unknown
/usr/bin/oslevel       = unknown
/bin/universe          = unknown

PATH: /usr/local/bin
PATH: /bin
PATH: /usr/bin
PATH: /usr/local/sbin
PATH: /usr/sbin
PATH: /sbin
PATH: /home/users/astephen
PATH: .
PATH: /home/users/astephen/bin


## ----------- ##
## Core tests. ##
## ----------- ##

configure:1793: checking for gcc
configure:1820: result: cc
configure:2058: checking for C compiler version
configure:2065: cc --version >&5
cc (GCC) 4.4.7 20120313 (Red Hat 4.4.7-16)
Copyright (C) 2010 Free Software Foundation, Inc.
This is free software; see the source for copying conditions.  There is NO
warranty; not even for MERCHANTABILITY or FITNESS FOR A PARTICULAR PURPOSE.

configure:2068: $? = 0
configure:2075: cc -v >&5
Using built-in specs.
Target: x86_64-redhat-linux
Configured with: ../configure --prefix=/usr --mandir=/usr/share/man --infodir=/usr/share/info --with-bugurl=http://bugzilla.redhat.com/bugzilla --enable-bootstrap --enable-shared --enable-threads=posix --enable-checking=release --with-system-zlib --enable-__cxa_atexit --disable-libunwind-exceptions --enable-gnu-unique-object --enable-languages=c,c++,objc,obj-c++,java,fortran,ada --enable-java-awt=gtk --disable-dssi --with-java-home=/usr/lib/jvm/java-1.5.0-gcj-1.5.0.0/jre --enable-libgcj-multifile --enable-java-maintainer-mode --with-ecj-jar=/usr/share/java/eclipse-ecj.jar --disable-libjava-multilib --with-ppl --with-cloog --with-tune=generic --with-arch_32=i686 --build=x86_64-redhat-linux
Thread model: posix
gcc version 4.4.7 20120313 (Red Hat 4.4.7-16) (GCC) 
configure:2078: $? = 0
configure:2085: cc -V >&5
cc: '-V' option must have argument
configure:2088: $? = 1
configure:2111: checking for C compiler default output file name
configure:2138: cc -fPIC   conftest.c  >&5
configure:2141: $? = 0
configure:2179: result: a.out
configure:2196: checking whether the C compiler works
configure:2206: ./a.out
configure:2209: $? = 0
configure:2226: result: yes
configure:2233: checking whether we are cross compiling
configure:2235: result: no
configure:2238: checking for suffix of executables
configure:2245: cc -o conftest -fPIC   conftest.c  >&5
configure:2248: $? = 0
configure:2272: result: 
configure:2278: checking for suffix of object files
configure:2304: cc -c -fPIC  conftest.c >&5
configure:2307: $? = 0
configure:2330: result: o
configure:2334: checking whether we are using the GNU C compiler
configure:2363: cc -c -fPIC  conftest.c >&5
configure:2369: $? = 0
configure:2386: result: yes
configure:2391: checking whether cc accepts -g
configure:2421: cc -c -g  conftest.c >&5
configure:2427: $? = 0
configure:2526: result: yes
configure:2543: checking for cc option to accept ISO C89
configure:2617: cc  -c -fPIC  conftest.c >&5
configure:2623: $? = 0
configure:2646: result: none needed
configure:2664: checking type of operating system
configure:2744: result: linux
configure:2796: checking for gcc
configure:2823: result: cc
configure:3061: checking for C compiler version
configure:3068: cc --version >&5
cc (GCC) 4.4.7 20120313 (Red Hat 4.4.7-16)
Copyright (C) 2010 Free Software Foundation, Inc.
This is free software; see the source for copying conditions.  There is NO
warranty; not even for MERCHANTABILITY or FITNESS FOR A PARTICULAR PURPOSE.

configure:3071: $? = 0
configure:3078: cc -v >&5
Using built-in specs.
Target: x86_64-redhat-linux
Configured with: ../configure --prefix=/usr --mandir=/usr/share/man --infodir=/usr/share/info --with-bugurl=http://bugzilla.redhat.com/bugzilla --enable-bootstrap --enable-shared --enable-threads=posix --enable-checking=release --with-system-zlib --enable-__cxa_atexit --disable-libunwind-exceptions --enable-gnu-unique-object --enable-languages=c,c++,objc,obj-c++,java,fortran,ada --enable-java-awt=gtk --disable-dssi --with-java-home=/usr/lib/jvm/java-1.5.0-gcj-1.5.0.0/jre --enable-libgcj-multifile --enable-java-maintainer-mode --with-ecj-jar=/usr/share/java/eclipse-ecj.jar --disable-libjava-multilib --with-ppl --with-cloog --with-tune=generic --with-arch_32=i686 --build=x86_64-redhat-linux
Thread model: posix
gcc version 4.4.7 20120313 (Red Hat 4.4.7-16) (GCC) 
configure:3081: $? = 0
configure:3088: cc -V >&5
cc: '-V' option must have argument
configure:3091: $? = 1
configure:3094: checking whether we are using the GNU C compiler
configure:3146: result: yes
configure:3151: checking whether cc accepts -g
configure:3286: result: yes
configure:3303: checking for cc option to accept ISO C89
configure:3406: result: none needed
configure:3477: checking for gfortran
configure:3493: found /usr/bin/gfortran
configure:3504: result: gfortran
configure:3534: checking for Fortran compiler version
configure:3541: gfortran --version >&5
GNU Fortran (GCC) 4.4.7 20120313 (Red Hat 4.4.7-16)
Copyright (C) 2010 Free Software Foundation, Inc.

GNU Fortran comes with NO WARRANTY, to the extent permitted by law.
You may redistribute copies of GNU Fortran
under the terms of the GNU General Public License.
For more information about these matters, see the file named COPYING

configure:3544: $? = 0
configure:3551: gfortran -v >&5
Using built-in specs.
Target: x86_64-redhat-linux
Configured with: ../configure --prefix=/usr --mandir=/usr/share/man --infodir=/usr/share/info --with-bugurl=http://bugzilla.redhat.com/bugzilla --enable-bootstrap --enable-shared --enable-threads=posix --enable-checking=release --with-system-zlib --enable-__cxa_atexit --disable-libunwind-exceptions --enable-gnu-unique-object --enable-languages=c,c++,objc,obj-c++,java,fortran,ada --enable-java-awt=gtk --disable-dssi --with-java-home=/usr/lib/jvm/java-1.5.0-gcj-1.5.0.0/jre --enable-libgcj-multifile --enable-java-maintainer-mode --with-ecj-jar=/usr/share/java/eclipse-ecj.jar --disable-libjava-multilib --with-ppl --with-cloog --with-tune=generic --with-arch_32=i686 --build=x86_64-redhat-linux
Thread model: posix
gcc version 4.4.7 20120313 (Red Hat 4.4.7-16) (GCC) 
configure:3554: $? = 0
configure:3561: gfortran -V >&5
gfortran: '-V' option must have argument
configure:3564: $? = 1
configure:3572: checking whether we are using the GNU Fortran compiler
configure:3591: gfortran -c   conftest.F >&5
configure:3597: $? = 0
configure:3614: result: yes
configure:3620: checking whether gfortran accepts -g
configure:3637: gfortran -c -g  conftest.f >&5
configure:3643: $? = 0
configure:3659: result: yes
configure:3726: checking for ranlib
configure:3742: found /usr/bin/ranlib
configure:3753: result: ranlib
configure:3823: checking for a BSD-compatible install
configure:3879: result: /usr/bin/install -c
configure:3903: checking if DRS is enabled
configure:3917: result: no
configure:3923: checking if HDF is enabled
configure:3937: result: no
configure:3948: checking how to run the C preprocessor
configure:3988: cc -E  conftest.c
configure:3994: $? = 0
configure:4025: cc -E  conftest.c
conftest.c:10:28: error: ac_nonexistent.h: No such file or directory
configure:4031: $? = 1
configure: failed program was:
| /* confdefs.h.  */
| #define PACKAGE_NAME ""
| #define PACKAGE_TARNAME ""
| #define PACKAGE_VERSION ""
| #define PACKAGE_STRING ""
| #define PACKAGE_BUGREPORT ""
| #define OS_NAME Linux
| #define OS_MAJOR 2
| /* end confdefs.h.  */
| #include <ac_nonexistent.h>
configure:4064: result: cc -E
configure:4093: cc -E  conftest.c
configure:4099: $? = 0
configure:4130: cc -E  conftest.c
conftest.c:10:28: error: ac_nonexistent.h: No such file or directory
configure:4136: $? = 1
configure: failed program was:
| /* confdefs.h.  */
| #define PACKAGE_NAME ""
| #define PACKAGE_TARNAME ""
| #define PACKAGE_VERSION ""
| #define PACKAGE_STRING ""
| #define PACKAGE_BUGREPORT ""
| #define OS_NAME Linux
| #define OS_MAJOR 2
| /* end confdefs.h.  */
| #include <ac_nonexistent.h>
configure:4174: checking for grep that handles long lines and -e
configure:4248: result: /bin/grep
configure:4253: checking for egrep
configure:4331: result: /bin/grep -E
configure:4336: checking for ANSI C header files
configure:4366: cc -c -fPIC  conftest.c >&5
configure:4372: $? = 0
configure:4471: cc -o conftest -fPIC   conftest.c  >&5
configure:4474: $? = 0
configure:4480: ./conftest
configure:4483: $? = 0
configure:4500: result: yes
configure:4524: checking for sys/types.h
configure:4545: cc -c -fPIC  conftest.c >&5
configure:4551: $? = 0
configure:4567: result: yes
configure:4524: checking for sys/stat.h
configure:4545: cc -c -fPIC  conftest.c >&5
configure:4551: $? = 0
configure:4567: result: yes
configure:4524: checking for stdlib.h
configure:4545: cc -c -fPIC  conftest.c >&5
configure:4551: $? = 0
configure:4567: result: yes
configure:4524: checking for string.h
configure:4545: cc -c -fPIC  conftest.c >&5
configure:4551: $? = 0
configure:4567: result: yes
configure:4524: checking for memory.h
configure:4545: cc -c -fPIC  conftest.c >&5
configure:4551: $? = 0
configure:4567: result: yes
configure:4524: checking for strings.h
configure:4545: cc -c -fPIC  conftest.c >&5
configure:4551: $? = 0
configure:4567: result: yes
configure:4524: checking for inttypes.h
configure:4545: cc -c -fPIC  conftest.c >&5
configure:4551: $? = 0
configure:4567: result: yes
configure:4524: checking for stdint.h
configure:4545: cc -c -fPIC  conftest.c >&5
configure:4551: $? = 0
configure:4567: result: yes
configure:4524: checking for unistd.h
configure:4545: cc -c -fPIC  conftest.c >&5
configure:4551: $? = 0
configure:4567: result: yes
configure:4600: checking /usr/local/include/grib2.h usability
configure:4617: cc -c -fPIC  conftest.c >&5
conftest.c:53:38: error: /usr/local/include/grib2.h: No such file or directory
configure:4623: $? = 1
configure: failed program was:
| /* confdefs.h.  */
| #define PACKAGE_NAME ""
| #define PACKAGE_TARNAME ""
| #define PACKAGE_VERSION ""
| #define PACKAGE_STRING ""
| #define PACKAGE_BUGREPORT ""
| #define OS_NAME Linux
| #define OS_MAJOR 2
| #define STDC_HEADERS 1
| #define HAVE_SYS_TYPES_H 1
| #define HAVE_SYS_STAT_H 1
| #define HAVE_STDLIB_H 1
| #define HAVE_STRING_H 1
| #define HAVE_MEMORY_H 1
| #define HAVE_STRINGS_H 1
| #define HAVE_INTTYPES_H 1
| #define HAVE_STDINT_H 1
| #define HAVE_UNISTD_H 1
| /* end confdefs.h.  */
| #include <stdio.h>
| #ifdef HAVE_SYS_TYPES_H
| # include <sys/types.h>
| #endif
| #ifdef HAVE_SYS_STAT_H
| # include <sys/stat.h>
| #endif
| #ifdef STDC_HEADERS
| # include <stdlib.h>
| # include <stddef.h>
| #else
| # ifdef HAVE_STDLIB_H
| #  include <stdlib.h>
| # endif
| #endif
| #ifdef HAVE_STRING_H
| # if !defined STDC_HEADERS && defined HAVE_MEMORY_H
| #  include <memory.h>
| # endif
| # include <string.h>
| #endif
| #ifdef HAVE_STRINGS_H
| # include <strings.h>
| #endif
| #ifdef HAVE_INTTYPES_H
| # include <inttypes.h>
| #endif
| #ifdef HAVE_STDINT_H
| # include <stdint.h>
| #endif
| #ifdef HAVE_UNISTD_H
| # include <unistd.h>
| #endif
| #include </usr/local/include/grib2.h>
configure:4637: result: no
configure:4641: checking /usr/local/include/grib2.h presence
configure:4656: cc -E  conftest.c
conftest.c:20:38: error: /usr/local/include/grib2.h: No such file or directory
configure:4662: $? = 1
configure: failed program was:
| /* confdefs.h.  */
| #define PACKAGE_NAME ""
| #define PACKAGE_TARNAME ""
| #define PACKAGE_VERSION ""
| #define PACKAGE_STRING ""
| #define PACKAGE_BUGREPORT ""
| #define OS_NAME Linux
| #define OS_MAJOR 2
| #define STDC_HEADERS 1
| #define HAVE_SYS_TYPES_H 1
| #define HAVE_SYS_STAT_H 1
| #define HAVE_STDLIB_H 1
| #define HAVE_STRING_H 1
| #define HAVE_MEMORY_H 1
| #define HAVE_STRINGS_H 1
| #define HAVE_INTTYPES_H 1
| #define HAVE_STDINT_H 1
| #define HAVE_UNISTD_H 1
| /* end confdefs.h.  */
| #include </usr/local/include/grib2.h>
configure:4676: result: no
configure:4704: checking for /usr/local/include/grib2.h
configure:4712: result: no
configure:4734: checking if GRIB2 is enabled
configure:5034: result: no
configure:5043: checking if OpenDAP is enabled
configure:5057: result: no
configure:5062: checking if PP is enabled
configure:5073: result: yes
configure:5084: checking if QL is enabled
configure:5099: result: no
configure:5129: checking /usr/include/netcdf.h usability
configure:5146: cc -c -fPIC  conftest.c >&5
configure:5152: $? = 0
configure:5166: result: yes
configure:5170: checking /usr/include/netcdf.h presence
configure:5185: cc -E  conftest.c
configure:5191: $? = 0
configure:5205: result: yes
configure:5233: checking for /usr/include/netcdf.h
configure:5241: result: yes
configure:5592: checking for netcdf.inc
configure:5605: result: yes
configure:5822: checking for libnetcdf.a
configure:5883: cc -o conftest -fPIC   conftest.c -L/usr/lib64 -lnetcdf -L/usr/lib64 -lhdf5_hl -lhdf5 -lm -lz >&5
configure:5889: $? = 0
configure:5896: result: yes
configure:6218: checking for special C compiler options needed for large files
configure:6311: result: no
configure:6317: checking for _FILE_OFFSET_BITS value needed for large files
configure:6352: cc -c -fPIC  -Dnetcdf conftest.c >&5
configure:6358: $? = 0
configure:6426: result: no
configure:6804: creating ./config.status

## ---------------------- ##
## Running config.status. ##
## ---------------------- ##

This file was extended by config.status, which was
generated by GNU Autoconf 2.61.  Invocation command line was

  CONFIG_FILES    = 
  CONFIG_HEADERS  = 
  CONFIG_LINKS    = 
  CONFIG_COMMANDS = 
  $ ./config.status 

on jasmin-sci1-dev.ceda.ac.uk

config.status:622: creating Makefile
config.status:622: creating src/cddrs/Makefile
config.status:622: creating src/cddrs/test/Makefile
config.status:622: creating src/cdunif/Makefile
config.status:622: creating src/cdunif/cdunifpp/Makefile
config.status:622: creating src/cdunif/test/Makefile
config.status:622: creating src/db_util/Makefile
config.status:622: creating src/api/Makefile
config.status:622: creating src/api/test/Makefile

## ---------------- ##
## Cache variables. ##
## ---------------- ##

ac_cv_c_compiler_gnu=yes
ac_cv_env_CC_set=set
ac_cv_env_CC_value=cc
ac_cv_env_CFLAGS_set=set
ac_cv_env_CFLAGS_value=-fPIC
ac_cv_env_CPPFLAGS_set=
ac_cv_env_CPPFLAGS_value=
ac_cv_env_CPP_set=
ac_cv_env_CPP_value=
ac_cv_env_FCFLAGS_set=
ac_cv_env_FCFLAGS_value=
ac_cv_env_FC_set=
ac_cv_env_FC_value=
ac_cv_env_LDFLAGS_set=
ac_cv_env_LDFLAGS_value=
ac_cv_env_LIBS_set=
ac_cv_env_LIBS_value=
ac_cv_env_build_alias_set=
ac_cv_env_build_alias_value=
ac_cv_env_host_alias_set=
ac_cv_env_host_alias_value=
ac_cv_env_target_alias_set=
ac_cv_env_target_alias_value=
ac_cv_fc_compiler_gnu=yes
ac_cv_header__usr_include_netcdf_h=yes
ac_cv_header__usr_local_include_grib2_h=no
ac_cv_header_inttypes_h=yes
ac_cv_header_memory_h=yes
ac_cv_header_stdc=yes
ac_cv_header_stdint_h=yes
ac_cv_header_stdlib_h=yes
ac_cv_header_string_h=yes
ac_cv_header_strings_h=yes
ac_cv_header_sys_stat_h=yes
ac_cv_header_sys_types_h=yes
ac_cv_header_unistd_h=yes
ac_cv_objext=o
ac_cv_path_EGREP='/bin/grep -E'
ac_cv_path_GREP=/bin/grep
ac_cv_path_install='/usr/bin/install -c'
ac_cv_prog_CPP='cc -E'
ac_cv_prog_ac_ct_CC=cc
ac_cv_prog_ac_ct_FC=gfortran
ac_cv_prog_ac_ct_RANLIB=ranlib
ac_cv_prog_cc_c89=
ac_cv_prog_cc_g=yes
ac_cv_prog_fc_g=yes
ac_cv_sys_file_offset_bits=no
ac_cv_sys_largefile_CC=no

## ----------------- ##
## Output variables. ##
## ----------------- ##

CC='cc'
CFLAGS='-fPIC'
CFLAGSdrsinc=''
CFLAGSgrib2inc=''
CFLAGShdfinc=''
CFLAGSncinc=' -I/usr/include'
CPP='cc -E'
CPPFLAGS=' -Dnetcdf -DBYTESWAP -DpgiFortran'
DEFS='-DPACKAGE_NAME=\"\" -DPACKAGE_TARNAME=\"\" -DPACKAGE_VERSION=\"\" -DPACKAGE_STRING=\"\" -DPACKAGE_BUGREPORT=\"\" -DOS_NAME=Linux -DOS_MAJOR=2 -DSTDC_HEADERS=1 -DHAVE_SYS_TYPES_H=1 -DHAVE_SYS_STAT_H=1 -DHAVE_STDLIB_H=1 -DHAVE_STRING_H=1 -DHAVE_MEMORY_H=1 -DHAVE_STRINGS_H=1 -DHAVE_INTTYPES_H=1 -DHAVE_STDINT_H=1 -DHAVE_UNISTD_H=1'
DRSINC=''
DRSINCF=''
DRSLIB=''
DRSOPTS=''
ECHO_C=''
ECHO_N='-n'
ECHO_T=''
EGREP='/bin/grep -E'
ENABLE_DAP='no'
ENABLE_DRS='no'
ENABLE_GRIB2='no'
ENABLE_HDF='no'
ENABLE_PP='yes'
ENABLE_QL='no'
EXEEXT=''
FC='gfortran'
FCFLAGS='-g -O2'
FFLAGS=' -I/usr/include'
GRADS_BYTEORDER='0'
GRADS_CRAY='0'
GRADS_IEEE2CRAY_OBJECT=''
GREP='/bin/grep'
GRIB2INC=''
GRIB2LIB=''
GRIB2OPTS=''
HDFINC=''
HDFLIB=''
HDFOPTS=''
INSTALL='/usr/bin/install -c'
INSTALL_DATA='${INSTALL} -m 644'
INSTALL_PROGRAM='/usr/bin/install -c'
INSTALL_SCRIPT='${INSTALL}'
LDFLAGS=''
LIBOBJS=''
LIBS='-L/usr/lib64 -lnetcdf -L/usr/lib64 -lhdf5_hl -lhdf5 -lm -lz'
LTLIBOBJS=''
NCINC='/usr/include'
NCINCF='/usr/include'
NCLIB='/usr/lib64'
NCOPTS='-L/usr/lib64 -lnetcdf -L/usr/lib64 -lhdf5_hl -lhdf5 -lm -lz'
OBJEXT='o'
OS='linux'
PACKAGE_BUGREPORT=''
PACKAGE_NAME=''
PACKAGE_STRING=''
PACKAGE_TARNAME=''
PACKAGE_VERSION=''
PATH_SEPARATOR=':'
PPOPTS='-DHAVE_PP'
QLOPTS=''
RANLIB='ranlib'
SHELL='/bin/sh'
ac_ct_CC='cc'
ac_ct_FC='gfortran'
bindir='${exec_prefix}/bin'
build_alias=''
datadir='${datarootdir}'
datarootdir='${prefix}/share'
docdir='${datarootdir}/doc/${PACKAGE}'
dvidir='${docdir}'
exec_prefix='${prefix}'
host_alias=''
htmldir='${docdir}'
includedir='${prefix}/include'
infodir='${datarootdir}/info'
libdir='${exec_prefix}/lib'
libexecdir='${exec_prefix}/libexec'
localedir='${datarootdir}/locale'
localstatedir='${prefix}/var'
mandir='${datarootdir}/man'
oldincludedir='/usr/include'
pdfdir='${docdir}'
prefix='/usr/local'
program_transform_name='s,x,x,'
psdir='${docdir}'
sbindir='${exec_prefix}/sbin'
sharedstatedir='${prefix}/com'
sysconfdir='${prefix}/etc'
target_alias=''

## ----------- ##
## confdefs.h. ##
## ----------- ##

#define PACKAGE_NAME ""
#define PACKAGE_TARNAME ""
#define PACKAGE_VERSION ""
#define PACKAGE_STRING ""
#define PACKAGE_BUGREPORT ""
#define OS_NAME Linux
#define OS_MAJOR 2
#define STDC_HEADERS 1
#define HAVE_SYS_TYPES_H 1
#define HAVE_SYS_STAT_H 1
#define HAVE_STDLIB_H 1
#define HAVE_STRING_H 1
#define HAVE_MEMORY_H 1
#define HAVE_STRINGS_H 1
#define HAVE_INTTYPES_H 1
#define HAVE_STDINT_H 1
#define HAVE_UNISTD_H 1

configure: exit 0
