mod	trans_guid	split_guid	time_now	date_entered	date_posted	acc_guid	acc_name	num	description	notes	memo	action	reconciled	amount	value	date_reconciled
-----------------
===== START
===== END
===== START
===== END
===== START
===== END
===== START
C	2e826353feb87fda89fb4834a124f300	d99c5dc7d14aa217171b224f8089bc01	2015-12-06 15:25:10.000000 +0100	2015-12-06 15:25:10.000000 +0100	2015-12-06 00:00:00.000000 +0100	d4b5c3dd9b234fa1d542d309b65dc3fa	Broker		Balance				n	1000000/100	1000000/100	1970-01-01 01:00:00.000000 +0100
C	2e826353feb87fda89fb4834a124f300	8ee610335e40c99ff505abab94e47904	2015-12-06 15:25:10.000000 +0100	2015-12-06 15:25:10.000000 +0100	2015-12-06 00:00:00.000000 +0100	67fc24280b58f0e20991a85f305da216	Imbalance-EUR		Balance				n	-1000000/100	-1000000/100	1970-01-01 01:00:00.000000 +0100
===== END
===== START
===== END
===== START
B	2e826353feb87fda89fb4834a124f300	d99c5dc7d14aa217171b224f8089bc01	2015-12-06 15:25:16.000000 +0100	2015-12-06 15:25:10.000000 +0100	2015-12-06 00:00:00.000000 +0100	d4b5c3dd9b234fa1d542d309b65dc3fa	Broker		Balance				n	1000000/100	1000000/100	1970-01-01 01:00:00.000000 +0100
B	2e826353feb87fda89fb4834a124f300	8ee610335e40c99ff505abab94e47904	2015-12-06 15:25:16.000000 +0100	2015-12-06 15:25:10.000000 +0100	2015-12-06 00:00:00.000000 +0100	67fc24280b58f0e20991a85f305da216	Imbalance-EUR		Balance				n	-1000000/100	-1000000/100	1970-01-01 01:00:00.000000 +0100
===== END
===== START
C	2e826353feb87fda89fb4834a124f300	d99c5dc7d14aa217171b224f8089bc01	2015-12-06 15:25:16.000000 +0100	2015-12-06 15:25:10.000000 +0100	2015-06-06 00:00:00.000000 +0200	d4b5c3dd9b234fa1d542d309b65dc3fa	Broker		Balance				n	1000000/100	1000000/100	1970-01-01 01:00:00.000000 +0100
C	2e826353feb87fda89fb4834a124f300	8ee610335e40c99ff505abab94e47904	2015-12-06 15:25:16.000000 +0100	2015-12-06 15:25:10.000000 +0100	2015-06-06 00:00:00.000000 +0200	67fc24280b58f0e20991a85f305da216	Imbalance-EUR		Balance				n	-1000000/100	-1000000/100	1970-01-01 01:00:00.000000 +0100
===== END
===== START
D	77ba58d7ece65d42f21fe6de37122439	d434d600110617263fd0b687b66998eb	2015-12-06 15:25:30.000000 +0100	2015-12-06 15:25:30.000000 +0100	2015-12-06 00:00:00.000000 +0100								n	0/1	0/100	1970-01-01 01:00:00.000000 +0100
===== END
===== START
D	cd81b848851b39b7e038d0fc28e266e0	ca9b3733159871965ea42895e47f9826	2015-12-06 15:25:31.000000 +0100	2015-12-06 15:25:31.000000 +0100	2015-12-06 00:00:00.000000 +0100								n	0/1	0/100	1970-01-01 01:00:00.000000 +0100
===== END
===== START
C	a44ad2c5635d92a6feca0c13afc8974c	0023805f246fd4ba379cb4669adbcca0	2015-12-06 15:26:01.000000 +0100	2015-12-06 15:26:00.000000 +0100	2015-12-06 00:00:00.000000 +0100	a38f14579155d930020baaa72493f696	Apple stock		Purchase 10			Buy	n	100000/10000	145500/100	1970-01-01 01:00:00.000000 +0100
C	a44ad2c5635d92a6feca0c13afc8974c	1d9e0dce5dc1c9e61be6d47748241b55	2015-12-06 15:26:01.000000 +0100	2015-12-06 15:26:00.000000 +0100	2015-12-06 00:00:00.000000 +0100	d4b5c3dd9b234fa1d542d309b65dc3fa	Broker		Purchase 10				n	-145500/100	-145500/100	1970-01-01 01:00:00.000000 +0100
C	a44ad2c5635d92a6feca0c13afc8974c	1730ecfed79c4198aba898619de9796b	2015-12-06 15:26:01.000000 +0100	2015-12-06 15:26:00.000000 +0100	2015-12-06 00:00:00.000000 +0100	09e3818cd69e9971481f363310f99e35	AAPL		Purchase 10				n	-100000/10000	-145500/100	1970-01-01 01:00:00.000000 +0100
C	a44ad2c5635d92a6feca0c13afc8974c	afc020d25e8b6ecc0c3b4aacc801a3d6	2015-12-06 15:26:01.000000 +0100	2015-12-06 15:26:00.000000 +0100	2015-12-06 00:00:00.000000 +0100	15e74ece25d63be26c11fee299a90074	EUR		Purchase 10				n	145500/100	145500/100	1970-01-01 01:00:00.000000 +0100
===== END
===== START
===== END
===== START
B	a44ad2c5635d92a6feca0c13afc8974c	0023805f246fd4ba379cb4669adbcca0	2015-12-06 15:26:34.000000 +0100	2015-12-06 15:26:00.000000 +0100	2015-12-06 00:00:00.000000 +0100	a38f14579155d930020baaa72493f696	Apple stock		Purchase 10			Buy	n	100000/10000	145500/100	1970-01-01 01:00:00.000000 +0100
B	a44ad2c5635d92a6feca0c13afc8974c	afc020d25e8b6ecc0c3b4aacc801a3d6	2015-12-06 15:26:34.000000 +0100	2015-12-06 15:26:00.000000 +0100	2015-12-06 00:00:00.000000 +0100	15e74ece25d63be26c11fee299a90074	EUR		Purchase 10				n	145500/100	145500/100	1970-01-01 01:00:00.000000 +0100
B	a44ad2c5635d92a6feca0c13afc8974c	1d9e0dce5dc1c9e61be6d47748241b55	2015-12-06 15:26:34.000000 +0100	2015-12-06 15:26:00.000000 +0100	2015-12-06 00:00:00.000000 +0100	d4b5c3dd9b234fa1d542d309b65dc3fa	Broker		Purchase 10				n	-145500/100	-145500/100	1970-01-01 01:00:00.000000 +0100
B	a44ad2c5635d92a6feca0c13afc8974c	1730ecfed79c4198aba898619de9796b	2015-12-06 15:26:34.000000 +0100	2015-12-06 15:26:00.000000 +0100	2015-12-06 00:00:00.000000 +0100	09e3818cd69e9971481f363310f99e35	AAPL		Purchase 10				n	-100000/10000	-145500/100	1970-01-01 01:00:00.000000 +0100
===== END
===== START
C	a44ad2c5635d92a6feca0c13afc8974c	0023805f246fd4ba379cb4669adbcca0	2015-12-06 15:26:34.000000 +0100	2015-12-06 15:26:00.000000 +0100	2015-07-07 00:00:00.000000 +0200	a38f14579155d930020baaa72493f696	Apple stock		Purchase 10			Buy	n	100000/10000	147500/100	1970-01-01 01:00:00.000000 +0100
C	a44ad2c5635d92a6feca0c13afc8974c	afc020d25e8b6ecc0c3b4aacc801a3d6	2015-12-06 15:26:34.000000 +0100	2015-12-06 15:26:00.000000 +0100	2015-07-07 00:00:00.000000 +0200	15e74ece25d63be26c11fee299a90074	EUR		Purchase 10				n	147500/100	147500/100	1970-01-01 01:00:00.000000 +0100
C	a44ad2c5635d92a6feca0c13afc8974c	1d9e0dce5dc1c9e61be6d47748241b55	2015-12-06 15:26:34.000000 +0100	2015-12-06 15:26:00.000000 +0100	2015-07-07 00:00:00.000000 +0200	d4b5c3dd9b234fa1d542d309b65dc3fa	Broker		Purchase 10				n	-147500/100	-147500/100	1970-01-01 01:00:00.000000 +0100
C	a44ad2c5635d92a6feca0c13afc8974c	1730ecfed79c4198aba898619de9796b	2015-12-06 15:26:34.000000 +0100	2015-12-06 15:26:00.000000 +0100	2015-07-07 00:00:00.000000 +0200	09e3818cd69e9971481f363310f99e35	AAPL		Purchase 10				n	-100000/10000	-147500/100	1970-01-01 01:00:00.000000 +0100
===== END
===== START
D	5df65c11e2684635b6e003e2edf61a68	f220dc8a3e732ee7f9469e732315d929	2015-12-06 15:26:51.000000 +0100	2015-12-06 15:26:51.000000 +0100	2015-12-06 00:00:00.000000 +0100								n	0/1	0/100	1970-01-01 01:00:00.000000 +0100
===== END
