mod	trans_guid	split_guid	time_now	date_entered	date_posted	acc_guid	acc_name	num	description	notes	memo	action	reconciled	amount	value	date_reconciled
-----------------
===== START
===== END
===== START
C	26c070d5e3d6830fa8731be48494bb38	f6e29e8ec192a3805183a37a8c09788a	2015-12-06 16:10:46.000000 +0100	2015-12-06 16:10:46.000000 +0100	2015-12-02 00:00:00.000000 +0100	42dfd90f2c304dd0a8f4b4df3287c7d1	broker		my second purchase of stock			Buy	n	500/100	13300/100	1970-01-01 01:00:00.000000 +0100
C	26c070d5e3d6830fa8731be48494bb38	92816333e89b209303ebd6a2ea637bf9	2015-12-06 16:10:46.000000 +0100	2015-12-06 16:10:46.000000 +0100	2015-12-02 00:00:00.000000 +0100	7e537aea232b417cb2b37ecb84ddf0ca	asset		my second purchase of stock				n	-13300/100	-13300/100	1970-01-01 01:00:00.000000 +0100
===== END
===== START
===== END
===== START
B	26c070d5e3d6830fa8731be48494bb38	f6e29e8ec192a3805183a37a8c09788a	2015-12-06 16:11:34.000000 +0100	2015-12-06 16:10:46.000000 +0100	2015-12-02 00:00:00.000000 +0100	42dfd90f2c304dd0a8f4b4df3287c7d1	broker		my second purchase of stock			Buy	n	500/100	13300/100	1970-01-01 01:00:00.000000 +0100
B	26c070d5e3d6830fa8731be48494bb38	92816333e89b209303ebd6a2ea637bf9	2015-12-06 16:11:34.000000 +0100	2015-12-06 16:10:46.000000 +0100	2015-12-02 00:00:00.000000 +0100	7e537aea232b417cb2b37ecb84ddf0ca	asset		my second purchase of stock				n	-13300/100	-13300/100	1970-01-01 01:00:00.000000 +0100
===== END
===== START
C	26c070d5e3d6830fa8731be48494bb38	f6e29e8ec192a3805183a37a8c09788a	2015-12-06 16:11:34.000000 +0100	2015-12-06 16:10:46.000000 +0100	2015-11-30 00:00:00.000000 +0100	42dfd90f2c304dd0a8f4b4df3287c7d1	broker		my second purchase of stock			Buy	n	500/100	14500/100	1970-01-01 01:00:00.000000 +0100
C	26c070d5e3d6830fa8731be48494bb38	92816333e89b209303ebd6a2ea637bf9	2015-12-06 16:11:34.000000 +0100	2015-12-06 16:10:46.000000 +0100	2015-11-30 00:00:00.000000 +0100	7e537aea232b417cb2b37ecb84ddf0ca	asset		my second purchase of stock				n	-14500/100	-14500/100	1970-01-01 01:00:00.000000 +0100
===== END
===== START
D	fce980ee2624ee5eb2cfb7ff787c1ac7	bc13d67b5118559a49d027e3a548c6fe	2015-12-06 16:35:32.000000 +0100	2015-12-06 16:35:32.000000 +0100	2015-12-02 00:00:00.000000 +0100								n	0/1	0/100	1970-01-01 01:00:00.000000 +0100
===== END
