mod	trans_guid	split_guid	time_now	date_entered	date_posted	acc_guid	acc_name	num	description	notes	memo	action	reconciled	amount	value	date_reconciled
-----------------
===== START
===== END
===== START
C	961f9d00c1a8acc8d3273529e0a3c442	c8df8f3fd2b9c8ef95dc7147c34a2f14	2015-12-06 16:36:28.000000 +0100	2015-12-06 16:36:28.000000 +0100	2015-10-11 00:00:00.000000 +0200	a38f14579155d930020baaa72493f696	Apple stock		Resell 5			Sell	n	-80000/10000	-120000/100	1970-01-01 01:00:00.000000 +0100
C	961f9d00c1a8acc8d3273529e0a3c442	6ae7f720535f8d59f80b20b8a7335426	2015-12-06 16:36:28.000000 +0100	2015-12-06 16:36:28.000000 +0100	2015-10-11 00:00:00.000000 +0200	d4b5c3dd9b234fa1d542d309b65dc3fa	Broker		Resell 5				n	120000/100	120000/100	1970-01-01 01:00:00.000000 +0100
C	961f9d00c1a8acc8d3273529e0a3c442	1b086286b390ebb4110543ef7b60b51d	2015-12-06 16:36:28.000000 +0100	2015-12-06 16:36:28.000000 +0100	2015-10-11 00:00:00.000000 +0200	09e3818cd69e9971481f363310f99e35	AAPL		Resell 5				n	80000/10000	120000/100	1970-01-01 01:00:00.000000 +0100
C	961f9d00c1a8acc8d3273529e0a3c442	3b6f451e27fb86d9a6f618f97fbe65ea	2015-12-06 16:36:28.000000 +0100	2015-12-06 16:36:28.000000 +0100	2015-10-11 00:00:00.000000 +0200	15e74ece25d63be26c11fee299a90074	EUR		Resell 5				n	-120000/100	-120000/100	1970-01-01 01:00:00.000000 +0100
===== END
===== START
===== END
===== START
C	1425eeb3014e6e96f73b9a6b4e2daee4	94b8b6fa27e79ee2e847e30c30284ddd	2015-12-06 16:37:07.000000 +0100	2015-12-06 16:37:07.000000 +0100	2015-10-14 00:00:00.000000 +0200	a38f14579155d930020baaa72493f696	Apple stock		Purchase extra 5			Sell	n	0/10000	0/100	1970-01-01 01:00:00.000000 +0100
===== END
===== START
===== END
===== START
B	1425eeb3014e6e96f73b9a6b4e2daee4	94b8b6fa27e79ee2e847e30c30284ddd	2015-12-06 16:37:15.000000 +0100	2015-12-06 16:37:07.000000 +0100	2015-10-14 00:00:00.000000 +0200	a38f14579155d930020baaa72493f696	Apple stock		Purchase extra 5			Sell	n	0/10000	0/100	1970-01-01 01:00:00.000000 +0100
===== END
===== START
C	1425eeb3014e6e96f73b9a6b4e2daee4	94b8b6fa27e79ee2e847e30c30284ddd	2015-12-06 16:37:15.000000 +0100	2015-12-06 16:37:07.000000 +0100	2015-10-14 00:00:00.000000 +0200	a38f14579155d930020baaa72493f696	Apple stock		Purchase extra 5			Buy	n	50000/10000	82000/100	1970-01-01 01:00:00.000000 +0100
C	1425eeb3014e6e96f73b9a6b4e2daee4	faf9c527272b5997fa21bda73c06ef1f	2015-12-06 16:37:15.000000 +0100	2015-12-06 16:37:07.000000 +0100	2015-10-14 00:00:00.000000 +0200	d4b5c3dd9b234fa1d542d309b65dc3fa	Broker		Purchase extra 5				n	-82000/100	-82000/100	1970-01-01 01:00:00.000000 +0100
C	1425eeb3014e6e96f73b9a6b4e2daee4	787a2f3aa88be36f2211673e71751a69	2015-12-06 16:37:15.000000 +0100	2015-12-06 16:37:07.000000 +0100	2015-10-14 00:00:00.000000 +0200	09e3818cd69e9971481f363310f99e35	AAPL		Purchase extra 5				n	-50000/10000	-82000/100	1970-01-01 01:00:00.000000 +0100
C	1425eeb3014e6e96f73b9a6b4e2daee4	b8f0e9e9736f9f1feeb81efeeb7d9a95	2015-12-06 16:37:15.000000 +0100	2015-12-06 16:37:07.000000 +0100	2015-10-14 00:00:00.000000 +0200	15e74ece25d63be26c11fee299a90074	EUR		Purchase extra 5				n	82000/100	82000/100	1970-01-01 01:00:00.000000 +0100
===== END
===== START
B	961f9d00c1a8acc8d3273529e0a3c442	6ae7f720535f8d59f80b20b8a7335426	2015-12-06 16:37:20.000000 +0100	2015-12-06 16:36:28.000000 +0100	2015-10-11 00:00:00.000000 +0200	d4b5c3dd9b234fa1d542d309b65dc3fa	Broker		Resell 5				n	120000/100	120000/100	1970-01-01 01:00:00.000000 +0100
B	961f9d00c1a8acc8d3273529e0a3c442	1b086286b390ebb4110543ef7b60b51d	2015-12-06 16:37:20.000000 +0100	2015-12-06 16:36:28.000000 +0100	2015-10-11 00:00:00.000000 +0200	09e3818cd69e9971481f363310f99e35	AAPL		Resell 5				n	80000/10000	120000/100	1970-01-01 01:00:00.000000 +0100
B	961f9d00c1a8acc8d3273529e0a3c442	c8df8f3fd2b9c8ef95dc7147c34a2f14	2015-12-06 16:37:20.000000 +0100	2015-12-06 16:36:28.000000 +0100	2015-10-11 00:00:00.000000 +0200	a38f14579155d930020baaa72493f696	Apple stock		Resell 5			Sell	n	-80000/10000	-120000/100	1970-01-01 01:00:00.000000 +0100
B	961f9d00c1a8acc8d3273529e0a3c442	3b6f451e27fb86d9a6f618f97fbe65ea	2015-12-06 16:37:20.000000 +0100	2015-12-06 16:36:28.000000 +0100	2015-10-11 00:00:00.000000 +0200	15e74ece25d63be26c11fee299a90074	EUR		Resell 5				n	-120000/100	-120000/100	1970-01-01 01:00:00.000000 +0100
===== END
===== START
C	961f9d00c1a8acc8d3273529e0a3c442	6ae7f720535f8d59f80b20b8a7335426	2015-12-06 16:37:20.000000 +0100	2015-12-06 16:36:28.000000 +0100	2015-10-11 00:00:00.000000 +0200	d4b5c3dd9b234fa1d542d309b65dc3fa	Broker		Resell 8				n	120000/100	120000/100	1970-01-01 01:00:00.000000 +0100
C	961f9d00c1a8acc8d3273529e0a3c442	1b086286b390ebb4110543ef7b60b51d	2015-12-06 16:37:20.000000 +0100	2015-12-06 16:36:28.000000 +0100	2015-10-11 00:00:00.000000 +0200	09e3818cd69e9971481f363310f99e35	AAPL		Resell 8				n	80000/10000	120000/100	1970-01-01 01:00:00.000000 +0100
C	961f9d00c1a8acc8d3273529e0a3c442	c8df8f3fd2b9c8ef95dc7147c34a2f14	2015-12-06 16:37:20.000000 +0100	2015-12-06 16:36:28.000000 +0100	2015-10-11 00:00:00.000000 +0200	a38f14579155d930020baaa72493f696	Apple stock		Resell 8			Buy	n	-80000/10000	-120000/100	1970-01-01 01:00:00.000000 +0100
C	961f9d00c1a8acc8d3273529e0a3c442	3b6f451e27fb86d9a6f618f97fbe65ea	2015-12-06 16:37:20.000000 +0100	2015-12-06 16:36:28.000000 +0100	2015-10-11 00:00:00.000000 +0200	15e74ece25d63be26c11fee299a90074	EUR		Resell 8				n	-120000/100	-120000/100	1970-01-01 01:00:00.000000 +0100
===== END
===== START
C	ac9db853461816ec9e95c456da0bfc1b	2decb6c521feeb7f3b6d07edaf5dbbe9	2015-12-06 16:37:42.000000 +0100	2015-12-06 16:37:42.000000 +0100	2015-10-27 00:00:00.000000 +0100	a38f14579155d930020baaa72493f696	Apple stock		Sell additional 4			Sell	n	-40000/10000	-68800/100	1970-01-01 01:00:00.000000 +0100
C	ac9db853461816ec9e95c456da0bfc1b	f19aa399c4f739471dd3edbe6d599a8f	2015-12-06 16:37:42.000000 +0100	2015-12-06 16:37:42.000000 +0100	2015-10-27 00:00:00.000000 +0100	d4b5c3dd9b234fa1d542d309b65dc3fa	Broker		Sell additional 4				n	68800/100	68800/100	1970-01-01 01:00:00.000000 +0100
C	ac9db853461816ec9e95c456da0bfc1b	425389effaac801014a067df90e8d777	2015-12-06 16:37:42.000000 +0100	2015-12-06 16:37:42.000000 +0100	2015-10-27 00:00:00.000000 +0100	09e3818cd69e9971481f363310f99e35	AAPL		Sell additional 4				n	40000/10000	68800/100	1970-01-01 01:00:00.000000 +0100
C	ac9db853461816ec9e95c456da0bfc1b	ce76b65250734e522ef4c3e09fe07da9	2015-12-06 16:37:42.000000 +0100	2015-12-06 16:37:42.000000 +0100	2015-10-27 00:00:00.000000 +0100	15e74ece25d63be26c11fee299a90074	EUR		Sell additional 4				n	-68800/100	-68800/100	1970-01-01 01:00:00.000000 +0100
===== END
===== START
===== END
===== START
B	961f9d00c1a8acc8d3273529e0a3c442	6ae7f720535f8d59f80b20b8a7335426	2015-12-06 16:37:51.000000 +0100	2015-12-06 16:36:28.000000 +0100	2015-10-11 00:00:00.000000 +0200	d4b5c3dd9b234fa1d542d309b65dc3fa	Broker		Resell 8				n	120000/100	120000/100	1970-01-01 01:00:00.000000 +0100
B	961f9d00c1a8acc8d3273529e0a3c442	1b086286b390ebb4110543ef7b60b51d	2015-12-06 16:37:51.000000 +0100	2015-12-06 16:36:28.000000 +0100	2015-10-11 00:00:00.000000 +0200	09e3818cd69e9971481f363310f99e35	AAPL		Resell 8				n	80000/10000	120000/100	1970-01-01 01:00:00.000000 +0100
B	961f9d00c1a8acc8d3273529e0a3c442	c8df8f3fd2b9c8ef95dc7147c34a2f14	2015-12-06 16:37:51.000000 +0100	2015-12-06 16:36:28.000000 +0100	2015-10-11 00:00:00.000000 +0200	a38f14579155d930020baaa72493f696	Apple stock		Resell 8			Buy	n	-80000/10000	-120000/100	1970-01-01 01:00:00.000000 +0100
B	961f9d00c1a8acc8d3273529e0a3c442	3b6f451e27fb86d9a6f618f97fbe65ea	2015-12-06 16:37:51.000000 +0100	2015-12-06 16:36:28.000000 +0100	2015-10-11 00:00:00.000000 +0200	15e74ece25d63be26c11fee299a90074	EUR		Resell 8				n	-120000/100	-120000/100	1970-01-01 01:00:00.000000 +0100
===== END
===== START
C	961f9d00c1a8acc8d3273529e0a3c442	6ae7f720535f8d59f80b20b8a7335426	2015-12-06 16:37:51.000000 +0100	2015-12-06 16:36:28.000000 +0100	2015-10-11 00:00:00.000000 +0200	d4b5c3dd9b234fa1d542d309b65dc3fa	Broker		Resell 8				n	96000/100	96000/100	1970-01-01 01:00:00.000000 +0100
C	961f9d00c1a8acc8d3273529e0a3c442	1b086286b390ebb4110543ef7b60b51d	2015-12-06 16:37:51.000000 +0100	2015-12-06 16:36:28.000000 +0100	2015-10-11 00:00:00.000000 +0200	09e3818cd69e9971481f363310f99e35	AAPL		Resell 8				n	80000/10000	96000/100	1970-01-01 01:00:00.000000 +0100
C	961f9d00c1a8acc8d3273529e0a3c442	c8df8f3fd2b9c8ef95dc7147c34a2f14	2015-12-06 16:37:51.000000 +0100	2015-12-06 16:36:28.000000 +0100	2015-10-11 00:00:00.000000 +0200	a38f14579155d930020baaa72493f696	Apple stock		Resell 8			Sell	n	-80000/10000	-96000/100	1970-01-01 01:00:00.000000 +0100
C	961f9d00c1a8acc8d3273529e0a3c442	3b6f451e27fb86d9a6f618f97fbe65ea	2015-12-06 16:37:51.000000 +0100	2015-12-06 16:36:28.000000 +0100	2015-10-11 00:00:00.000000 +0200	15e74ece25d63be26c11fee299a90074	EUR		Resell 8				n	-96000/100	-96000/100	1970-01-01 01:00:00.000000 +0100
===== END
===== START
D	7e820dd1308f5830c289159d29a8e275	2ea6a34743daff8b5bf4e738391fba82	2015-12-06 16:37:56.000000 +0100	2015-12-06 16:37:56.000000 +0100	2015-10-27 00:00:00.000000 +0100								n	0/1	0/100	1970-01-01 01:00:00.000000 +0100
===== END
